2025-11-14 09:10:02,135 [INFO] Discovered 112 samples across 16 locations.
2025-11-14 09:10:02,148 [INFO] Processing sample Blank_plate1 (Blank).
2025-11-14 09:10:02,148 [INFO] Alignment already exists for Blank_plate1; skipping.
2025-11-14 09:10:02,148 [INFO] Running command: samtools coverage -q 20 /mmfs1/gscratch/scrubbed/sr320/github/oly-lc-WGS/output/01_align_and_visualize/alignments/Blank_plate1.sorted.bam
2025-11-14 09:10:02,323 [INFO] Processing sample Blank_plate2 (Blank).
2025-11-14 09:10:02,323 [INFO] Alignment already exists for Blank_plate2; skipping.
2025-11-14 09:10:02,323 [INFO] Running command: samtools coverage -q 20 /mmfs1/gscratch/scrubbed/sr320/github/oly-lc-WGS/output/01_align_and_visualize/alignments/Blank_plate2.sorted.bam
2025-11-14 09:10:02,494 [INFO] Processing sample CS18_22_Wild_plate1_A7 (CS18_22_Wild_plate1).
2025-11-14 09:10:02,495 [INFO] Running command: bash -lc set -euo pipefail
bwa mem -t 32 /mmfs1/gscratch/scrubbed/sr320/github/oly-lc-WGS/output/01_align_and_visualize/reference/Olurida_v081.fa /mmfs1/gscratch/scrubbed/sr320/github/oly-lc-WGS/data/raw/CS18_22_Wild_plate1_A7_S47_L004_R1_001.fastq.gz /mmfs1/gscratch/scrubbed/sr320/github/oly-lc-WGS/data/raw/CS18_22_Wild_plate1_A7_S47_L004_R2_001.fastq.gz | samtools sort -@ 32 -m 32M -o /mmfs1/gscratch/scrubbed/sr320/github/oly-lc-WGS/output/01_align_and_visualize/alignments/CS18_22_Wild_plate1_A7.sorted.bam -
2025-11-14 09:33:54,931 [INFO] Running command: samtools index -@ 32 /mmfs1/gscratch/scrubbed/sr320/github/oly-lc-WGS/output/01_align_and_visualize/alignments/CS18_22_Wild_plate1_A7.sorted.bam
2025-11-14 09:34:01,796 [INFO] Running command: samtools coverage -q 20 /mmfs1/gscratch/scrubbed/sr320/github/oly-lc-WGS/output/01_align_and_visualize/alignments/CS18_22_Wild_plate1_A7.sorted.bam
2025-11-14 09:36:04,701 [INFO] Processing sample CS18_22_Wild_plate1_C6 (CS18_22_Wild_plate1).
2025-11-14 09:36:04,702 [INFO] Running command: bash -lc set -euo pipefail
bwa mem -t 32 /mmfs1/gscratch/scrubbed/sr320/github/oly-lc-WGS/output/01_align_and_visualize/reference/Olurida_v081.fa /mmfs1/gscratch/scrubbed/sr320/github/oly-lc-WGS/data/raw/CS18_22_Wild_plate1_C6_S41_L004_R1_001.fastq.gz /mmfs1/gscratch/scrubbed/sr320/github/oly-lc-WGS/data/raw/CS18_22_Wild_plate1_C6_S41_L004_R2_001.fastq.gz | samtools sort -@ 32 -m 32M -o /mmfs1/gscratch/scrubbed/sr320/github/oly-lc-WGS/output/01_align_and_visualize/alignments/CS18_22_Wild_plate1_C6.sorted.bam -
2025-11-14 09:59:26,655 [INFO] Running command: samtools index -@ 32 /mmfs1/gscratch/scrubbed/sr320/github/oly-lc-WGS/output/01_align_and_visualize/alignments/CS18_22_Wild_plate1_C6.sorted.bam
2025-11-14 09:59:33,147 [INFO] Running command: samtools coverage -q 20 /mmfs1/gscratch/scrubbed/sr320/github/oly-lc-WGS/output/01_align_and_visualize/alignments/CS18_22_Wild_plate1_C6.sorted.bam
2025-11-14 10:01:34,330 [INFO] Processing sample CS18_22_Wild_plate1_D6 (CS18_22_Wild_plate1).
2025-11-14 10:01:34,330 [INFO] Running command: bash -lc set -euo pipefail
bwa mem -t 32 /mmfs1/gscratch/scrubbed/sr320/github/oly-lc-WGS/output/01_align_and_visualize/reference/Olurida_v081.fa /mmfs1/gscratch/scrubbed/sr320/github/oly-lc-WGS/data/raw/CS18_22_Wild_plate1_D6_S42_L004_R1_001.fastq.gz /mmfs1/gscratch/scrubbed/sr320/github/oly-lc-WGS/data/raw/CS18_22_Wild_plate1_D6_S42_L004_R2_001.fastq.gz | samtools sort -@ 32 -m 32M -o /mmfs1/gscratch/scrubbed/sr320/github/oly-lc-WGS/output/01_align_and_visualize/alignments/CS18_22_Wild_plate1_D6.sorted.bam -
2025-11-14 10:21:08,408 [INFO] Running command: samtools index -@ 32 /mmfs1/gscratch/scrubbed/sr320/github/oly-lc-WGS/output/01_align_and_visualize/alignments/CS18_22_Wild_plate1_D6.sorted.bam
2025-11-14 10:21:15,355 [INFO] Running command: samtools coverage -q 20 /mmfs1/gscratch/scrubbed/sr320/github/oly-lc-WGS/output/01_align_and_visualize/alignments/CS18_22_Wild_plate1_D6.sorted.bam
2025-11-14 10:23:00,797 [INFO] Processing sample CS18_22_Wild_plate1_E6 (CS18_22_Wild_plate1).
2025-11-14 10:23:00,798 [INFO] Running command: bash -lc set -euo pipefail
bwa mem -t 32 /mmfs1/gscratch/scrubbed/sr320/github/oly-lc-WGS/output/01_align_and_visualize/reference/Olurida_v081.fa /mmfs1/gscratch/scrubbed/sr320/github/oly-lc-WGS/data/raw/CS18_22_Wild_plate1_E6_S43_L004_R1_001.fastq.gz /mmfs1/gscratch/scrubbed/sr320/github/oly-lc-WGS/data/raw/CS18_22_Wild_plate1_E6_S43_L004_R2_001.fastq.gz | samtools sort -@ 32 -m 32M -o /mmfs1/gscratch/scrubbed/sr320/github/oly-lc-WGS/output/01_align_and_visualize/alignments/CS18_22_Wild_plate1_E6.sorted.bam -
2025-11-14 10:48:28,061 [INFO] Running command: samtools index -@ 32 /mmfs1/gscratch/scrubbed/sr320/github/oly-lc-WGS/output/01_align_and_visualize/alignments/CS18_22_Wild_plate1_E6.sorted.bam
2025-11-14 10:48:35,425 [INFO] Running command: samtools coverage -q 20 /mmfs1/gscratch/scrubbed/sr320/github/oly-lc-WGS/output/01_align_and_visualize/alignments/CS18_22_Wild_plate1_E6.sorted.bam
2025-11-14 10:50:46,780 [INFO] Processing sample CS18_22_Wild_plate1_F6 (CS18_22_Wild_plate1).
2025-11-14 10:50:46,803 [INFO] Running command: bash -lc set -euo pipefail
bwa mem -t 32 /mmfs1/gscratch/scrubbed/sr320/github/oly-lc-WGS/output/01_align_and_visualize/reference/Olurida_v081.fa /mmfs1/gscratch/scrubbed/sr320/github/oly-lc-WGS/data/raw/CS18_22_Wild_plate1_F6_S44_L004_R1_001.fastq.gz /mmfs1/gscratch/scrubbed/sr320/github/oly-lc-WGS/data/raw/CS18_22_Wild_plate1_F6_S44_L004_R2_001.fastq.gz | samtools sort -@ 32 -m 32M -o /mmfs1/gscratch/scrubbed/sr320/github/oly-lc-WGS/output/01_align_and_visualize/alignments/CS18_22_Wild_plate1_F6.sorted.bam -
2025-11-14 11:15:04,884 [INFO] Running command: samtools index -@ 32 /mmfs1/gscratch/scrubbed/sr320/github/oly-lc-WGS/output/01_align_and_visualize/alignments/CS18_22_Wild_plate1_F6.sorted.bam
2025-11-14 11:15:11,143 [INFO] Running command: samtools coverage -q 20 /mmfs1/gscratch/scrubbed/sr320/github/oly-lc-WGS/output/01_align_and_visualize/alignments/CS18_22_Wild_plate1_F6.sorted.bam
2025-11-14 11:17:07,189 [INFO] Processing sample CS18_22_Wild_plate1_G6 (CS18_22_Wild_plate1).
2025-11-14 11:17:07,218 [INFO] Running command: bash -lc set -euo pipefail
bwa mem -t 32 /mmfs1/gscratch/scrubbed/sr320/github/oly-lc-WGS/output/01_align_and_visualize/reference/Olurida_v081.fa /mmfs1/gscratch/scrubbed/sr320/github/oly-lc-WGS/data/raw/CS18_22_Wild_plate1_G6_S45_L004_R1_001.fastq.gz /mmfs1/gscratch/scrubbed/sr320/github/oly-lc-WGS/data/raw/CS18_22_Wild_plate1_G6_S45_L004_R2_001.fastq.gz | samtools sort -@ 32 -m 32M -o /mmfs1/gscratch/scrubbed/sr320/github/oly-lc-WGS/output/01_align_and_visualize/alignments/CS18_22_Wild_plate1_G6.sorted.bam -
2025-11-14 11:41:01,702 [INFO] Running command: samtools index -@ 32 /mmfs1/gscratch/scrubbed/sr320/github/oly-lc-WGS/output/01_align_and_visualize/alignments/CS18_22_Wild_plate1_G6.sorted.bam
2025-11-14 11:41:08,618 [INFO] Running command: samtools coverage -q 20 /mmfs1/gscratch/scrubbed/sr320/github/oly-lc-WGS/output/01_align_and_visualize/alignments/CS18_22_Wild_plate1_G6.sorted.bam
2025-11-14 11:43:08,982 [INFO] Processing sample CS18_22_Wild_plate1_H6 (CS18_22_Wild_plate1).
2025-11-14 11:43:08,982 [INFO] Running command: bash -lc set -euo pipefail
bwa mem -t 32 /mmfs1/gscratch/scrubbed/sr320/github/oly-lc-WGS/output/01_align_and_visualize/reference/Olurida_v081.fa /mmfs1/gscratch/scrubbed/sr320/github/oly-lc-WGS/data/raw/CS18_22_Wild_plate1_H6_S46_L004_R1_001.fastq.gz /mmfs1/gscratch/scrubbed/sr320/github/oly-lc-WGS/data/raw/CS18_22_Wild_plate1_H6_S46_L004_R2_001.fastq.gz | samtools sort -@ 32 -m 32M -o /mmfs1/gscratch/scrubbed/sr320/github/oly-lc-WGS/output/01_align_and_visualize/alignments/CS18_22_Wild_plate1_H6.sorted.bam -
2025-11-14 12:09:21,718 [INFO] Running command: samtools index -@ 32 /mmfs1/gscratch/scrubbed/sr320/github/oly-lc-WGS/output/01_align_and_visualize/alignments/CS18_22_Wild_plate1_H6.sorted.bam
2025-11-14 12:09:28,905 [INFO] Running command: samtools coverage -q 20 /mmfs1/gscratch/scrubbed/sr320/github/oly-lc-WGS/output/01_align_and_visualize/alignments/CS18_22_Wild_plate1_H6.sorted.bam
2025-11-14 12:11:32,297 [INFO] Processing sample Coos_Bay_10 (Coos_Bay).
2025-11-14 12:11:32,297 [INFO] Running command: bash -lc set -euo pipefail
bwa mem -t 32 /mmfs1/gscratch/scrubbed/sr320/github/oly-lc-WGS/output/01_align_and_visualize/reference/Olurida_v081.fa /mmfs1/gscratch/scrubbed/sr320/github/oly-lc-WGS/data/raw/Coos_Bay_10_S107_L004_R1_001.fastq.gz /mmfs1/gscratch/scrubbed/sr320/github/oly-lc-WGS/data/raw/Coos_Bay_10_S107_L004_R2_001.fastq.gz | samtools sort -@ 32 -m 32M -o /mmfs1/gscratch/scrubbed/sr320/github/oly-lc-WGS/output/01_align_and_visualize/alignments/Coos_Bay_10.sorted.bam -
2025-11-14 12:40:46,778 [INFO] Running command: samtools index -@ 32 /mmfs1/gscratch/scrubbed/sr320/github/oly-lc-WGS/output/01_align_and_visualize/alignments/Coos_Bay_10.sorted.bam
2025-11-14 12:40:54,437 [INFO] Running command: samtools coverage -q 20 /mmfs1/gscratch/scrubbed/sr320/github/oly-lc-WGS/output/01_align_and_visualize/alignments/Coos_Bay_10.sorted.bam
2025-11-14 12:43:15,061 [INFO] Processing sample Coos_Bay_4 (Coos_Bay).
2025-11-14 12:43:15,061 [INFO] Running command: bash -lc set -euo pipefail
bwa mem -t 32 /mmfs1/gscratch/scrubbed/sr320/github/oly-lc-WGS/output/01_align_and_visualize/reference/Olurida_v081.fa /mmfs1/gscratch/scrubbed/sr320/github/oly-lc-WGS/data/raw/Coos_Bay_4_S101_L004_R1_001.fastq.gz /mmfs1/gscratch/scrubbed/sr320/github/oly-lc-WGS/data/raw/Coos_Bay_4_S101_L004_R2_001.fastq.gz | samtools sort -@ 32 -m 32M -o /mmfs1/gscratch/scrubbed/sr320/github/oly-lc-WGS/output/01_align_and_visualize/alignments/Coos_Bay_4.sorted.bam -
2025-11-14 13:10:20,853 [INFO] Running command: samtools index -@ 32 /mmfs1/gscratch/scrubbed/sr320/github/oly-lc-WGS/output/01_align_and_visualize/alignments/Coos_Bay_4.sorted.bam
2025-11-14 13:10:27,865 [INFO] Running command: samtools coverage -q 20 /mmfs1/gscratch/scrubbed/sr320/github/oly-lc-WGS/output/01_align_and_visualize/alignments/Coos_Bay_4.sorted.bam
2025-11-14 13:12:35,209 [INFO] Processing sample Coos_Bay_5 (Coos_Bay).
2025-11-14 13:12:35,252 [INFO] Running command: bash -lc set -euo pipefail
bwa mem -t 32 /mmfs1/gscratch/scrubbed/sr320/github/oly-lc-WGS/output/01_align_and_visualize/reference/Olurida_v081.fa /mmfs1/gscratch/scrubbed/sr320/github/oly-lc-WGS/data/raw/Coos_Bay_5_S102_L004_R1_001.fastq.gz /mmfs1/gscratch/scrubbed/sr320/github/oly-lc-WGS/data/raw/Coos_Bay_5_S102_L004_R2_001.fastq.gz | samtools sort -@ 32 -m 32M -o /mmfs1/gscratch/scrubbed/sr320/github/oly-lc-WGS/output/01_align_and_visualize/alignments/Coos_Bay_5.sorted.bam -
2025-11-14 13:40:07,570 [INFO] Running command: samtools index -@ 32 /mmfs1/gscratch/scrubbed/sr320/github/oly-lc-WGS/output/01_align_and_visualize/alignments/Coos_Bay_5.sorted.bam
2025-11-14 13:40:14,050 [INFO] Running command: samtools coverage -q 20 /mmfs1/gscratch/scrubbed/sr320/github/oly-lc-WGS/output/01_align_and_visualize/alignments/Coos_Bay_5.sorted.bam
2025-11-14 13:42:23,269 [INFO] Processing sample Coos_Bay_6 (Coos_Bay).
2025-11-14 13:42:23,332 [INFO] Running command: bash -lc set -euo pipefail
bwa mem -t 32 /mmfs1/gscratch/scrubbed/sr320/github/oly-lc-WGS/output/01_align_and_visualize/reference/Olurida_v081.fa /mmfs1/gscratch/scrubbed/sr320/github/oly-lc-WGS/data/raw/Coos_Bay_6_S103_L004_R1_001.fastq.gz /mmfs1/gscratch/scrubbed/sr320/github/oly-lc-WGS/data/raw/Coos_Bay_6_S103_L004_R2_001.fastq.gz | samtools sort -@ 32 -m 32M -o /mmfs1/gscratch/scrubbed/sr320/github/oly-lc-WGS/output/01_align_and_visualize/alignments/Coos_Bay_6.sorted.bam -
2025-11-14 14:06:50,036 [INFO] Running command: samtools index -@ 32 /mmfs1/gscratch/scrubbed/sr320/github/oly-lc-WGS/output/01_align_and_visualize/alignments/Coos_Bay_6.sorted.bam
2025-11-14 14:06:57,269 [INFO] Running command: samtools coverage -q 20 /mmfs1/gscratch/scrubbed/sr320/github/oly-lc-WGS/output/01_align_and_visualize/alignments/Coos_Bay_6.sorted.bam
2025-11-14 14:09:06,347 [INFO] Processing sample Coos_Bay_7 (Coos_Bay).
2025-11-14 14:09:06,348 [INFO] Running command: bash -lc set -euo pipefail
bwa mem -t 32 /mmfs1/gscratch/scrubbed/sr320/github/oly-lc-WGS/output/01_align_and_visualize/reference/Olurida_v081.fa /mmfs1/gscratch/scrubbed/sr320/github/oly-lc-WGS/data/raw/Coos_Bay_7_S104_L004_R1_001.fastq.gz /mmfs1/gscratch/scrubbed/sr320/github/oly-lc-WGS/data/raw/Coos_Bay_7_S104_L004_R2_001.fastq.gz | samtools sort -@ 32 -m 32M -o /mmfs1/gscratch/scrubbed/sr320/github/oly-lc-WGS/output/01_align_and_visualize/alignments/Coos_Bay_7.sorted.bam -
2025-11-14 14:24:40,356 [INFO] Running command: samtools index -@ 32 /mmfs1/gscratch/scrubbed/sr320/github/oly-lc-WGS/output/01_align_and_visualize/alignments/Coos_Bay_7.sorted.bam
2025-11-14 14:24:45,353 [INFO] Running command: samtools coverage -q 20 /mmfs1/gscratch/scrubbed/sr320/github/oly-lc-WGS/output/01_align_and_visualize/alignments/Coos_Bay_7.sorted.bam
2025-11-14 14:26:10,226 [INFO] Processing sample Coos_Bay_8 (Coos_Bay).
2025-11-14 14:26:10,226 [INFO] Running command: bash -lc set -euo pipefail
bwa mem -t 32 /mmfs1/gscratch/scrubbed/sr320/github/oly-lc-WGS/output/01_align_and_visualize/reference/Olurida_v081.fa /mmfs1/gscratch/scrubbed/sr320/github/oly-lc-WGS/data/raw/Coos_Bay_8_S105_L004_R1_001.fastq.gz /mmfs1/gscratch/scrubbed/sr320/github/oly-lc-WGS/data/raw/Coos_Bay_8_S105_L004_R2_001.fastq.gz | samtools sort -@ 32 -m 32M -o /mmfs1/gscratch/scrubbed/sr320/github/oly-lc-WGS/output/01_align_and_visualize/alignments/Coos_Bay_8.sorted.bam -
2025-11-14 14:47:13,509 [INFO] Running command: samtools index -@ 32 /mmfs1/gscratch/scrubbed/sr320/github/oly-lc-WGS/output/01_align_and_visualize/alignments/Coos_Bay_8.sorted.bam
2025-11-14 14:47:19,873 [INFO] Running command: samtools coverage -q 20 /mmfs1/gscratch/scrubbed/sr320/github/oly-lc-WGS/output/01_align_and_visualize/alignments/Coos_Bay_8.sorted.bam
2025-11-14 14:49:09,496 [INFO] Processing sample Coos_Bay_9 (Coos_Bay).
2025-11-14 14:49:09,497 [INFO] Running command: bash -lc set -euo pipefail
bwa mem -t 32 /mmfs1/gscratch/scrubbed/sr320/github/oly-lc-WGS/output/01_align_and_visualize/reference/Olurida_v081.fa /mmfs1/gscratch/scrubbed/sr320/github/oly-lc-WGS/data/raw/Coos_Bay_9_S106_L004_R1_001.fastq.gz /mmfs1/gscratch/scrubbed/sr320/github/oly-lc-WGS/data/raw/Coos_Bay_9_S106_L004_R2_001.fastq.gz | samtools sort -@ 32 -m 32M -o /mmfs1/gscratch/scrubbed/sr320/github/oly-lc-WGS/output/01_align_and_visualize/alignments/Coos_Bay_9.sorted.bam -
2025-11-14 15:14:00,580 [INFO] Running command: samtools index -@ 32 /mmfs1/gscratch/scrubbed/sr320/github/oly-lc-WGS/output/01_align_and_visualize/alignments/Coos_Bay_9.sorted.bam
2025-11-14 15:14:08,882 [INFO] Running command: samtools coverage -q 20 /mmfs1/gscratch/scrubbed/sr320/github/oly-lc-WGS/output/01_align_and_visualize/alignments/Coos_Bay_9.sorted.bam
2025-11-14 15:16:14,999 [INFO] Processing sample Dogfish_Bay_10 (Dogfish_Bay).
2025-11-14 15:16:15,031 [INFO] Running command: bash -lc set -euo pipefail
bwa mem -t 32 /mmfs1/gscratch/scrubbed/sr320/github/oly-lc-WGS/output/01_align_and_visualize/reference/Olurida_v081.fa /mmfs1/gscratch/scrubbed/sr320/github/oly-lc-WGS/data/raw/Dogfish_Bay_10_S51_L004_R1_001.fastq.gz /mmfs1/gscratch/scrubbed/sr320/github/oly-lc-WGS/data/raw/Dogfish_Bay_10_S51_L004_R2_001.fastq.gz | samtools sort -@ 32 -m 32M -o /mmfs1/gscratch/scrubbed/sr320/github/oly-lc-WGS/output/01_align_and_visualize/alignments/Dogfish_Bay_10.sorted.bam -
2025-11-14 15:39:38,498 [INFO] Running command: samtools index -@ 32 /mmfs1/gscratch/scrubbed/sr320/github/oly-lc-WGS/output/01_align_and_visualize/alignments/Dogfish_Bay_10.sorted.bam
2025-11-14 15:39:46,281 [INFO] Running command: samtools coverage -q 20 /mmfs1/gscratch/scrubbed/sr320/github/oly-lc-WGS/output/01_align_and_visualize/alignments/Dogfish_Bay_10.sorted.bam
2025-11-14 15:41:50,399 [INFO] Processing sample Dogfish_Bay_11 (Dogfish_Bay).
2025-11-14 15:41:50,399 [INFO] Running command: bash -lc set -euo pipefail
bwa mem -t 32 /mmfs1/gscratch/scrubbed/sr320/github/oly-lc-WGS/output/01_align_and_visualize/reference/Olurida_v081.fa /mmfs1/gscratch/scrubbed/sr320/github/oly-lc-WGS/data/raw/Dogfish_Bay_11_S52_L004_R1_001.fastq.gz /mmfs1/gscratch/scrubbed/sr320/github/oly-lc-WGS/data/raw/Dogfish_Bay_11_S52_L004_R2_001.fastq.gz | samtools sort -@ 32 -m 32M -o /mmfs1/gscratch/scrubbed/sr320/github/oly-lc-WGS/output/01_align_and_visualize/alignments/Dogfish_Bay_11.sorted.bam -
2025-11-14 16:07:30,536 [INFO] Running command: samtools index -@ 32 /mmfs1/gscratch/scrubbed/sr320/github/oly-lc-WGS/output/01_align_and_visualize/alignments/Dogfish_Bay_11.sorted.bam
2025-11-14 16:07:38,601 [INFO] Running command: samtools coverage -q 20 /mmfs1/gscratch/scrubbed/sr320/github/oly-lc-WGS/output/01_align_and_visualize/alignments/Dogfish_Bay_11.sorted.bam
2025-11-14 16:09:45,435 [INFO] Processing sample Dogfish_Bay_12 (Dogfish_Bay).
2025-11-14 16:09:45,436 [INFO] Running command: bash -lc set -euo pipefail
bwa mem -t 32 /mmfs1/gscratch/scrubbed/sr320/github/oly-lc-WGS/output/01_align_and_visualize/reference/Olurida_v081.fa /mmfs1/gscratch/scrubbed/sr320/github/oly-lc-WGS/data/raw/Dogfish_Bay_12_S53_L004_R1_001.fastq.gz /mmfs1/gscratch/scrubbed/sr320/github/oly-lc-WGS/data/raw/Dogfish_Bay_12_S53_L004_R2_001.fastq.gz | samtools sort -@ 32 -m 32M -o /mmfs1/gscratch/scrubbed/sr320/github/oly-lc-WGS/output/01_align_and_visualize/alignments/Dogfish_Bay_12.sorted.bam -
2025-11-14 16:32:29,046 [INFO] Running command: samtools index -@ 32 /mmfs1/gscratch/scrubbed/sr320/github/oly-lc-WGS/output/01_align_and_visualize/alignments/Dogfish_Bay_12.sorted.bam
2025-11-14 16:32:37,429 [INFO] Running command: samtools coverage -q 20 /mmfs1/gscratch/scrubbed/sr320/github/oly-lc-WGS/output/01_align_and_visualize/alignments/Dogfish_Bay_12.sorted.bam
2025-11-14 16:34:36,929 [INFO] Processing sample Dogfish_Bay_13 (Dogfish_Bay).
2025-11-14 16:34:36,958 [INFO] Running command: bash -lc set -euo pipefail
bwa mem -t 32 /mmfs1/gscratch/scrubbed/sr320/github/oly-lc-WGS/output/01_align_and_visualize/reference/Olurida_v081.fa /mmfs1/gscratch/scrubbed/sr320/github/oly-lc-WGS/data/raw/Dogfish_Bay_13_S54_L004_R1_001.fastq.gz /mmfs1/gscratch/scrubbed/sr320/github/oly-lc-WGS/data/raw/Dogfish_Bay_13_S54_L004_R2_001.fastq.gz | samtools sort -@ 32 -m 32M -o /mmfs1/gscratch/scrubbed/sr320/github/oly-lc-WGS/output/01_align_and_visualize/alignments/Dogfish_Bay_13.sorted.bam -
2025-11-14 16:56:36,317 [INFO] Running command: samtools index -@ 32 /mmfs1/gscratch/scrubbed/sr320/github/oly-lc-WGS/output/01_align_and_visualize/alignments/Dogfish_Bay_13.sorted.bam
2025-11-14 16:56:43,755 [INFO] Running command: samtools coverage -q 20 /mmfs1/gscratch/scrubbed/sr320/github/oly-lc-WGS/output/01_align_and_visualize/alignments/Dogfish_Bay_13.sorted.bam
2025-11-14 16:58:35,076 [INFO] Processing sample Dogfish_Bay_14 (Dogfish_Bay).
2025-11-14 16:58:35,077 [INFO] Running command: bash -lc set -euo pipefail
bwa mem -t 32 /mmfs1/gscratch/scrubbed/sr320/github/oly-lc-WGS/output/01_align_and_visualize/reference/Olurida_v081.fa /mmfs1/gscratch/scrubbed/sr320/github/oly-lc-WGS/data/raw/Dogfish_Bay_14_S55_L004_R1_001.fastq.gz /mmfs1/gscratch/scrubbed/sr320/github/oly-lc-WGS/data/raw/Dogfish_Bay_14_S55_L004_R2_001.fastq.gz | samtools sort -@ 32 -m 32M -o /mmfs1/gscratch/scrubbed/sr320/github/oly-lc-WGS/output/01_align_and_visualize/alignments/Dogfish_Bay_14.sorted.bam -
2025-11-14 17:19:47,037 [INFO] Running command: samtools index -@ 32 /mmfs1/gscratch/scrubbed/sr320/github/oly-lc-WGS/output/01_align_and_visualize/alignments/Dogfish_Bay_14.sorted.bam
2025-11-14 17:19:53,327 [INFO] Running command: samtools coverage -q 20 /mmfs1/gscratch/scrubbed/sr320/github/oly-lc-WGS/output/01_align_and_visualize/alignments/Dogfish_Bay_14.sorted.bam
2025-11-14 17:21:38,659 [INFO] Processing sample Dogfish_Bay_7 (Dogfish_Bay).
2025-11-14 17:21:38,660 [INFO] Running command: bash -lc set -euo pipefail
bwa mem -t 32 /mmfs1/gscratch/scrubbed/sr320/github/oly-lc-WGS/output/01_align_and_visualize/reference/Olurida_v081.fa /mmfs1/gscratch/scrubbed/sr320/github/oly-lc-WGS/data/raw/Dogfish_Bay_7_S48_L004_R1_001.fastq.gz /mmfs1/gscratch/scrubbed/sr320/github/oly-lc-WGS/data/raw/Dogfish_Bay_7_S48_L004_R2_001.fastq.gz | samtools sort -@ 32 -m 32M -o /mmfs1/gscratch/scrubbed/sr320/github/oly-lc-WGS/output/01_align_and_visualize/alignments/Dogfish_Bay_7.sorted.bam -
2025-11-14 17:44:22,848 [INFO] Running command: samtools index -@ 32 /mmfs1/gscratch/scrubbed/sr320/github/oly-lc-WGS/output/01_align_and_visualize/alignments/Dogfish_Bay_7.sorted.bam
2025-11-14 17:44:29,994 [INFO] Running command: samtools coverage -q 20 /mmfs1/gscratch/scrubbed/sr320/github/oly-lc-WGS/output/01_align_and_visualize/alignments/Dogfish_Bay_7.sorted.bam
2025-11-14 17:46:30,202 [INFO] Processing sample Dogfish_Bay_8 (Dogfish_Bay).
2025-11-14 17:46:30,203 [INFO] Running command: bash -lc set -euo pipefail
bwa mem -t 32 /mmfs1/gscratch/scrubbed/sr320/github/oly-lc-WGS/output/01_align_and_visualize/reference/Olurida_v081.fa /mmfs1/gscratch/scrubbed/sr320/github/oly-lc-WGS/data/raw/Dogfish_Bay_8_S49_L004_R1_001.fastq.gz /mmfs1/gscratch/scrubbed/sr320/github/oly-lc-WGS/data/raw/Dogfish_Bay_8_S49_L004_R2_001.fastq.gz | samtools sort -@ 32 -m 32M -o /mmfs1/gscratch/scrubbed/sr320/github/oly-lc-WGS/output/01_align_and_visualize/alignments/Dogfish_Bay_8.sorted.bam -
2025-11-14 18:12:39,318 [INFO] Running command: samtools index -@ 32 /mmfs1/gscratch/scrubbed/sr320/github/oly-lc-WGS/output/01_align_and_visualize/alignments/Dogfish_Bay_8.sorted.bam
2025-11-14 18:12:48,966 [INFO] Running command: samtools coverage -q 20 /mmfs1/gscratch/scrubbed/sr320/github/oly-lc-WGS/output/01_align_and_visualize/alignments/Dogfish_Bay_8.sorted.bam
2025-11-14 18:14:59,837 [INFO] Processing sample Dogfish_Bay_9 (Dogfish_Bay).
2025-11-14 18:14:59,837 [INFO] Running command: bash -lc set -euo pipefail
bwa mem -t 32 /mmfs1/gscratch/scrubbed/sr320/github/oly-lc-WGS/output/01_align_and_visualize/reference/Olurida_v081.fa /mmfs1/gscratch/scrubbed/sr320/github/oly-lc-WGS/data/raw/Dogfish_Bay_9_S50_L004_R1_001.fastq.gz /mmfs1/gscratch/scrubbed/sr320/github/oly-lc-WGS/data/raw/Dogfish_Bay_9_S50_L004_R2_001.fastq.gz | samtools sort -@ 32 -m 32M -o /mmfs1/gscratch/scrubbed/sr320/github/oly-lc-WGS/output/01_align_and_visualize/alignments/Dogfish_Bay_9.sorted.bam -
2025-11-14 18:41:05,691 [INFO] Running command: samtools index -@ 32 /mmfs1/gscratch/scrubbed/sr320/github/oly-lc-WGS/output/01_align_and_visualize/alignments/Dogfish_Bay_9.sorted.bam
2025-11-14 18:41:16,611 [INFO] Running command: samtools coverage -q 20 /mmfs1/gscratch/scrubbed/sr320/github/oly-lc-WGS/output/01_align_and_visualize/alignments/Dogfish_Bay_9.sorted.bam
2025-11-14 18:43:27,240 [INFO] Processing sample FB18_Wild_10 (FB18_Wild).
2025-11-14 18:43:27,240 [INFO] Running command: bash -lc set -euo pipefail
bwa mem -t 32 /mmfs1/gscratch/scrubbed/sr320/github/oly-lc-WGS/output/01_align_and_visualize/reference/Olurida_v081.fa /mmfs1/gscratch/scrubbed/sr320/github/oly-lc-WGS/data/raw/FB18_Wild_10_S3_L004_R1_001.fastq.gz /mmfs1/gscratch/scrubbed/sr320/github/oly-lc-WGS/data/raw/FB18_Wild_10_S3_L004_R2_001.fastq.gz | samtools sort -@ 32 -m 32M -o /mmfs1/gscratch/scrubbed/sr320/github/oly-lc-WGS/output/01_align_and_visualize/alignments/FB18_Wild_10.sorted.bam -
2025-11-14 19:01:45,035 [INFO] Running command: samtools index -@ 32 /mmfs1/gscratch/scrubbed/sr320/github/oly-lc-WGS/output/01_align_and_visualize/alignments/FB18_Wild_10.sorted.bam
2025-11-14 19:01:55,934 [INFO] Running command: samtools coverage -q 20 /mmfs1/gscratch/scrubbed/sr320/github/oly-lc-WGS/output/01_align_and_visualize/alignments/FB18_Wild_10.sorted.bam
2025-11-14 19:03:26,164 [INFO] Processing sample FB18_Wild_11 (FB18_Wild).
2025-11-14 19:03:26,165 [INFO] Running command: bash -lc set -euo pipefail
bwa mem -t 32 /mmfs1/gscratch/scrubbed/sr320/github/oly-lc-WGS/output/01_align_and_visualize/reference/Olurida_v081.fa /mmfs1/gscratch/scrubbed/sr320/github/oly-lc-WGS/data/raw/FB18_Wild_11_S4_L004_R1_001.fastq.gz /mmfs1/gscratch/scrubbed/sr320/github/oly-lc-WGS/data/raw/FB18_Wild_11_S4_L004_R2_001.fastq.gz | samtools sort -@ 32 -m 32M -o /mmfs1/gscratch/scrubbed/sr320/github/oly-lc-WGS/output/01_align_and_visualize/alignments/FB18_Wild_11.sorted.bam -
2025-11-14 19:24:45,309 [INFO] Running command: samtools index -@ 32 /mmfs1/gscratch/scrubbed/sr320/github/oly-lc-WGS/output/01_align_and_visualize/alignments/FB18_Wild_11.sorted.bam
2025-11-14 19:24:52,656 [INFO] Running command: samtools coverage -q 20 /mmfs1/gscratch/scrubbed/sr320/github/oly-lc-WGS/output/01_align_and_visualize/alignments/FB18_Wild_11.sorted.bam
2025-11-14 19:26:40,571 [INFO] Processing sample FB18_Wild_12 (FB18_Wild).
2025-11-14 19:26:40,572 [INFO] Running command: bash -lc set -euo pipefail
bwa mem -t 32 /mmfs1/gscratch/scrubbed/sr320/github/oly-lc-WGS/output/01_align_and_visualize/reference/Olurida_v081.fa /mmfs1/gscratch/scrubbed/sr320/github/oly-lc-WGS/data/raw/FB18_Wild_12_S5_L004_R1_001.fastq.gz /mmfs1/gscratch/scrubbed/sr320/github/oly-lc-WGS/data/raw/FB18_Wild_12_S5_L004_R2_001.fastq.gz | samtools sort -@ 32 -m 32M -o /mmfs1/gscratch/scrubbed/sr320/github/oly-lc-WGS/output/01_align_and_visualize/alignments/FB18_Wild_12.sorted.bam -
2025-11-14 19:47:17,399 [INFO] Running command: samtools index -@ 32 /mmfs1/gscratch/scrubbed/sr320/github/oly-lc-WGS/output/01_align_and_visualize/alignments/FB18_Wild_12.sorted.bam
2025-11-14 19:47:24,882 [INFO] Running command: samtools coverage -q 20 /mmfs1/gscratch/scrubbed/sr320/github/oly-lc-WGS/output/01_align_and_visualize/alignments/FB18_Wild_12.sorted.bam
2025-11-14 19:49:13,462 [INFO] Processing sample FB18_Wild_8 (FB18_Wild).
2025-11-14 19:49:13,561 [INFO] Running command: bash -lc set -euo pipefail
bwa mem -t 32 /mmfs1/gscratch/scrubbed/sr320/github/oly-lc-WGS/output/01_align_and_visualize/reference/Olurida_v081.fa /mmfs1/gscratch/scrubbed/sr320/github/oly-lc-WGS/data/raw/FB18_Wild_8_S1_L004_R1_001.fastq.gz /mmfs1/gscratch/scrubbed/sr320/github/oly-lc-WGS/data/raw/FB18_Wild_8_S1_L004_R2_001.fastq.gz | samtools sort -@ 32 -m 32M -o /mmfs1/gscratch/scrubbed/sr320/github/oly-lc-WGS/output/01_align_and_visualize/alignments/FB18_Wild_8.sorted.bam -
2025-11-14 20:12:13,830 [INFO] Running command: samtools index -@ 32 /mmfs1/gscratch/scrubbed/sr320/github/oly-lc-WGS/output/01_align_and_visualize/alignments/FB18_Wild_8.sorted.bam
2025-11-14 20:12:21,857 [INFO] Running command: samtools coverage -q 20 /mmfs1/gscratch/scrubbed/sr320/github/oly-lc-WGS/output/01_align_and_visualize/alignments/FB18_Wild_8.sorted.bam
2025-11-14 20:14:20,048 [INFO] Processing sample FB18_Wild_9 (FB18_Wild).
2025-11-14 20:14:20,049 [INFO] Running command: bash -lc set -euo pipefail
bwa mem -t 32 /mmfs1/gscratch/scrubbed/sr320/github/oly-lc-WGS/output/01_align_and_visualize/reference/Olurida_v081.fa /mmfs1/gscratch/scrubbed/sr320/github/oly-lc-WGS/data/raw/FB18_Wild_9_S2_L004_R1_001.fastq.gz /mmfs1/gscratch/scrubbed/sr320/github/oly-lc-WGS/data/raw/FB18_Wild_9_S2_L004_R2_001.fastq.gz | samtools sort -@ 32 -m 32M -o /mmfs1/gscratch/scrubbed/sr320/github/oly-lc-WGS/output/01_align_and_visualize/alignments/FB18_Wild_9.sorted.bam -
2025-11-14 20:38:26,011 [INFO] Running command: samtools index -@ 32 /mmfs1/gscratch/scrubbed/sr320/github/oly-lc-WGS/output/01_align_and_visualize/alignments/FB18_Wild_9.sorted.bam
2025-11-14 20:38:33,034 [INFO] Running command: samtools coverage -q 20 /mmfs1/gscratch/scrubbed/sr320/github/oly-lc-WGS/output/01_align_and_visualize/alignments/FB18_Wild_9.sorted.bam
2025-11-14 20:40:34,804 [INFO] Processing sample Fidalgo_Bay_10 (Fidalgo_Bay).
2025-11-14 20:40:34,804 [INFO] Running command: bash -lc set -euo pipefail
bwa mem -t 32 /mmfs1/gscratch/scrubbed/sr320/github/oly-lc-WGS/output/01_align_and_visualize/reference/Olurida_v081.fa /mmfs1/gscratch/scrubbed/sr320/github/oly-lc-WGS/data/raw/Fidalgo_Bay_10_S8_L004_R1_001.fastq.gz /mmfs1/gscratch/scrubbed/sr320/github/oly-lc-WGS/data/raw/Fidalgo_Bay_10_S8_L004_R2_001.fastq.gz | samtools sort -@ 32 -m 32M -o /mmfs1/gscratch/scrubbed/sr320/github/oly-lc-WGS/output/01_align_and_visualize/alignments/Fidalgo_Bay_10.sorted.bam -
2025-11-14 21:05:52,879 [INFO] Running command: samtools index -@ 32 /mmfs1/gscratch/scrubbed/sr320/github/oly-lc-WGS/output/01_align_and_visualize/alignments/Fidalgo_Bay_10.sorted.bam
2025-11-14 21:06:01,087 [INFO] Running command: samtools coverage -q 20 /mmfs1/gscratch/scrubbed/sr320/github/oly-lc-WGS/output/01_align_and_visualize/alignments/Fidalgo_Bay_10.sorted.bam
2025-11-14 21:08:09,183 [INFO] Processing sample Fidalgo_Bay_11 (Fidalgo_Bay).
2025-11-14 21:08:09,184 [INFO] Running command: bash -lc set -euo pipefail
bwa mem -t 32 /mmfs1/gscratch/scrubbed/sr320/github/oly-lc-WGS/output/01_align_and_visualize/reference/Olurida_v081.fa /mmfs1/gscratch/scrubbed/sr320/github/oly-lc-WGS/data/raw/Fidalgo_Bay_11_S9_L004_R1_001.fastq.gz /mmfs1/gscratch/scrubbed/sr320/github/oly-lc-WGS/data/raw/Fidalgo_Bay_11_S9_L004_R2_001.fastq.gz | samtools sort -@ 32 -m 32M -o /mmfs1/gscratch/scrubbed/sr320/github/oly-lc-WGS/output/01_align_and_visualize/alignments/Fidalgo_Bay_11.sorted.bam -
2025-11-14 21:35:04,426 [INFO] Running command: samtools index -@ 32 /mmfs1/gscratch/scrubbed/sr320/github/oly-lc-WGS/output/01_align_and_visualize/alignments/Fidalgo_Bay_11.sorted.bam
2025-11-14 21:35:12,736 [INFO] Running command: samtools coverage -q 20 /mmfs1/gscratch/scrubbed/sr320/github/oly-lc-WGS/output/01_align_and_visualize/alignments/Fidalgo_Bay_11.sorted.bam
2025-11-14 21:37:27,234 [INFO] Processing sample Fidalgo_Bay_12 (Fidalgo_Bay).
2025-11-14 21:37:27,234 [INFO] Running command: bash -lc set -euo pipefail
bwa mem -t 32 /mmfs1/gscratch/scrubbed/sr320/github/oly-lc-WGS/output/01_align_and_visualize/reference/Olurida_v081.fa /mmfs1/gscratch/scrubbed/sr320/github/oly-lc-WGS/data/raw/Fidalgo_Bay_12_S10_L004_R1_001.fastq.gz /mmfs1/gscratch/scrubbed/sr320/github/oly-lc-WGS/data/raw/Fidalgo_Bay_12_S10_L004_R2_001.fastq.gz | samtools sort -@ 32 -m 32M -o /mmfs1/gscratch/scrubbed/sr320/github/oly-lc-WGS/output/01_align_and_visualize/alignments/Fidalgo_Bay_12.sorted.bam -
2025-11-14 21:59:14,651 [INFO] Running command: samtools index -@ 32 /mmfs1/gscratch/scrubbed/sr320/github/oly-lc-WGS/output/01_align_and_visualize/alignments/Fidalgo_Bay_12.sorted.bam
2025-11-14 21:59:21,714 [INFO] Running command: samtools coverage -q 20 /mmfs1/gscratch/scrubbed/sr320/github/oly-lc-WGS/output/01_align_and_visualize/alignments/Fidalgo_Bay_12.sorted.bam
2025-11-14 22:01:11,367 [INFO] Processing sample Fidalgo_Bay_8 (Fidalgo_Bay).
2025-11-14 22:01:11,367 [INFO] Running command: bash -lc set -euo pipefail
bwa mem -t 32 /mmfs1/gscratch/scrubbed/sr320/github/oly-lc-WGS/output/01_align_and_visualize/reference/Olurida_v081.fa /mmfs1/gscratch/scrubbed/sr320/github/oly-lc-WGS/data/raw/Fidalgo_Bay_8_S6_L004_R1_001.fastq.gz /mmfs1/gscratch/scrubbed/sr320/github/oly-lc-WGS/data/raw/Fidalgo_Bay_8_S6_L004_R2_001.fastq.gz | samtools sort -@ 32 -m 32M -o /mmfs1/gscratch/scrubbed/sr320/github/oly-lc-WGS/output/01_align_and_visualize/alignments/Fidalgo_Bay_8.sorted.bam -
2025-11-14 22:26:11,126 [INFO] Running command: samtools index -@ 32 /mmfs1/gscratch/scrubbed/sr320/github/oly-lc-WGS/output/01_align_and_visualize/alignments/Fidalgo_Bay_8.sorted.bam
2025-11-14 22:26:18,333 [INFO] Running command: samtools coverage -q 20 /mmfs1/gscratch/scrubbed/sr320/github/oly-lc-WGS/output/01_align_and_visualize/alignments/Fidalgo_Bay_8.sorted.bam
2025-11-14 22:28:22,980 [INFO] Processing sample Fidalgo_Bay_9 (Fidalgo_Bay).
2025-11-14 22:28:22,980 [INFO] Running command: bash -lc set -euo pipefail
bwa mem -t 32 /mmfs1/gscratch/scrubbed/sr320/github/oly-lc-WGS/output/01_align_and_visualize/reference/Olurida_v081.fa /mmfs1/gscratch/scrubbed/sr320/github/oly-lc-WGS/data/raw/Fidalgo_Bay_9_S7_L004_R1_001.fastq.gz /mmfs1/gscratch/scrubbed/sr320/github/oly-lc-WGS/data/raw/Fidalgo_Bay_9_S7_L004_R2_001.fastq.gz | samtools sort -@ 32 -m 32M -o /mmfs1/gscratch/scrubbed/sr320/github/oly-lc-WGS/output/01_align_and_visualize/alignments/Fidalgo_Bay_9.sorted.bam -
2025-11-14 22:56:30,220 [INFO] Running command: samtools index -@ 32 /mmfs1/gscratch/scrubbed/sr320/github/oly-lc-WGS/output/01_align_and_visualize/alignments/Fidalgo_Bay_9.sorted.bam
2025-11-14 22:56:41,349 [INFO] Running command: samtools coverage -q 20 /mmfs1/gscratch/scrubbed/sr320/github/oly-lc-WGS/output/01_align_and_visualize/alignments/Fidalgo_Bay_9.sorted.bam
2025-11-14 22:58:56,112 [INFO] Processing sample HC18_Triton_Wild_10 (HC18_Triton_Wild).
2025-11-14 22:58:56,112 [INFO] Running command: bash -lc set -euo pipefail
bwa mem -t 32 /mmfs1/gscratch/scrubbed/sr320/github/oly-lc-WGS/output/01_align_and_visualize/reference/Olurida_v081.fa /mmfs1/gscratch/scrubbed/sr320/github/oly-lc-WGS/data/raw/HC18_Triton_Wild_10_S111_L004_R1_001.fastq.gz /mmfs1/gscratch/scrubbed/sr320/github/oly-lc-WGS/data/raw/HC18_Triton_Wild_10_S111_L004_R2_001.fastq.gz | samtools sort -@ 32 -m 32M -o /mmfs1/gscratch/scrubbed/sr320/github/oly-lc-WGS/output/01_align_and_visualize/alignments/HC18_Triton_Wild_10.sorted.bam -
2025-11-14 23:06:41,596 [INFO] Running command: samtools index -@ 32 /mmfs1/gscratch/scrubbed/sr320/github/oly-lc-WGS/output/01_align_and_visualize/alignments/HC18_Triton_Wild_10.sorted.bam
2025-11-14 23:06:46,536 [INFO] Running command: samtools coverage -q 20 /mmfs1/gscratch/scrubbed/sr320/github/oly-lc-WGS/output/01_align_and_visualize/alignments/HC18_Triton_Wild_10.sorted.bam
2025-11-14 23:07:27,176 [INFO] Processing sample HC18_Triton_Wild_11 (HC18_Triton_Wild).
2025-11-14 23:07:27,176 [INFO] Running command: bash -lc set -euo pipefail
bwa mem -t 32 /mmfs1/gscratch/scrubbed/sr320/github/oly-lc-WGS/output/01_align_and_visualize/reference/Olurida_v081.fa /mmfs1/gscratch/scrubbed/sr320/github/oly-lc-WGS/data/raw/HC18_Triton_Wild_11_S67_L004_R1_001.fastq.gz /mmfs1/gscratch/scrubbed/sr320/github/oly-lc-WGS/data/raw/HC18_Triton_Wild_11_S67_L004_R2_001.fastq.gz | samtools sort -@ 32 -m 32M -o /mmfs1/gscratch/scrubbed/sr320/github/oly-lc-WGS/output/01_align_and_visualize/alignments/HC18_Triton_Wild_11.sorted.bam -
2025-11-14 23:27:48,059 [INFO] Running command: samtools index -@ 32 /mmfs1/gscratch/scrubbed/sr320/github/oly-lc-WGS/output/01_align_and_visualize/alignments/HC18_Triton_Wild_11.sorted.bam
2025-11-14 23:27:53,782 [INFO] Running command: samtools coverage -q 20 /mmfs1/gscratch/scrubbed/sr320/github/oly-lc-WGS/output/01_align_and_visualize/alignments/HC18_Triton_Wild_11.sorted.bam
2025-11-14 23:29:37,172 [INFO] Processing sample HC18_Triton_Wild_12 (HC18_Triton_Wild).
2025-11-14 23:29:37,172 [INFO] Running command: bash -lc set -euo pipefail
bwa mem -t 32 /mmfs1/gscratch/scrubbed/sr320/github/oly-lc-WGS/output/01_align_and_visualize/reference/Olurida_v081.fa /mmfs1/gscratch/scrubbed/sr320/github/oly-lc-WGS/data/raw/HC18_Triton_Wild_12_S68_L004_R1_001.fastq.gz /mmfs1/gscratch/scrubbed/sr320/github/oly-lc-WGS/data/raw/HC18_Triton_Wild_12_S68_L004_R2_001.fastq.gz | samtools sort -@ 32 -m 32M -o /mmfs1/gscratch/scrubbed/sr320/github/oly-lc-WGS/output/01_align_and_visualize/alignments/HC18_Triton_Wild_12.sorted.bam -
2025-11-14 23:56:08,725 [INFO] Running command: samtools index -@ 32 /mmfs1/gscratch/scrubbed/sr320/github/oly-lc-WGS/output/01_align_and_visualize/alignments/HC18_Triton_Wild_12.sorted.bam
2025-11-14 23:56:15,674 [INFO] Running command: samtools coverage -q 20 /mmfs1/gscratch/scrubbed/sr320/github/oly-lc-WGS/output/01_align_and_visualize/alignments/HC18_Triton_Wild_12.sorted.bam
2025-11-14 23:58:22,382 [INFO] Processing sample HC18_Triton_Wild_15 (HC18_Triton_Wild).
2025-11-14 23:58:22,382 [INFO] Running command: bash -lc set -euo pipefail
bwa mem -t 32 /mmfs1/gscratch/scrubbed/sr320/github/oly-lc-WGS/output/01_align_and_visualize/reference/Olurida_v081.fa /mmfs1/gscratch/scrubbed/sr320/github/oly-lc-WGS/data/raw/HC18_Triton_Wild_15_S69_L004_R1_001.fastq.gz /mmfs1/gscratch/scrubbed/sr320/github/oly-lc-WGS/data/raw/HC18_Triton_Wild_15_S69_L004_R2_001.fastq.gz | samtools sort -@ 32 -m 32M -o /mmfs1/gscratch/scrubbed/sr320/github/oly-lc-WGS/output/01_align_and_visualize/alignments/HC18_Triton_Wild_15.sorted.bam -
2025-11-15 00:15:46,761 [INFO] Running command: samtools index -@ 32 /mmfs1/gscratch/scrubbed/sr320/github/oly-lc-WGS/output/01_align_and_visualize/alignments/HC18_Triton_Wild_15.sorted.bam
2025-11-15 00:15:52,886 [INFO] Running command: samtools coverage -q 20 /mmfs1/gscratch/scrubbed/sr320/github/oly-lc-WGS/output/01_align_and_visualize/alignments/HC18_Triton_Wild_15.sorted.bam
2025-11-15 00:17:24,840 [INFO] Processing sample HC18_Triton_Wild_16 (HC18_Triton_Wild).
2025-11-15 00:17:24,840 [INFO] Running command: bash -lc set -euo pipefail
bwa mem -t 32 /mmfs1/gscratch/scrubbed/sr320/github/oly-lc-WGS/output/01_align_and_visualize/reference/Olurida_v081.fa /mmfs1/gscratch/scrubbed/sr320/github/oly-lc-WGS/data/raw/HC18_Triton_Wild_16_S112_L004_R1_001.fastq.gz /mmfs1/gscratch/scrubbed/sr320/github/oly-lc-WGS/data/raw/HC18_Triton_Wild_16_S112_L004_R2_001.fastq.gz | samtools sort -@ 32 -m 32M -o /mmfs1/gscratch/scrubbed/sr320/github/oly-lc-WGS/output/01_align_and_visualize/alignments/HC18_Triton_Wild_16.sorted.bam -
2025-11-15 00:31:54,537 [INFO] Running command: samtools index -@ 32 /mmfs1/gscratch/scrubbed/sr320/github/oly-lc-WGS/output/01_align_and_visualize/alignments/HC18_Triton_Wild_16.sorted.bam
2025-11-15 00:31:59,663 [INFO] Running command: samtools coverage -q 20 /mmfs1/gscratch/scrubbed/sr320/github/oly-lc-WGS/output/01_align_and_visualize/alignments/HC18_Triton_Wild_16.sorted.bam
2025-11-15 00:33:24,370 [INFO] Processing sample HC18_Triton_Wild_7 (HC18_Triton_Wild).
2025-11-15 00:33:24,370 [INFO] Running command: bash -lc set -euo pipefail
bwa mem -t 32 /mmfs1/gscratch/scrubbed/sr320/github/oly-lc-WGS/output/01_align_and_visualize/reference/Olurida_v081.fa /mmfs1/gscratch/scrubbed/sr320/github/oly-lc-WGS/data/raw/HC18_Triton_Wild_7_S64_L004_R1_001.fastq.gz /mmfs1/gscratch/scrubbed/sr320/github/oly-lc-WGS/data/raw/HC18_Triton_Wild_7_S64_L004_R2_001.fastq.gz | samtools sort -@ 32 -m 32M -o /mmfs1/gscratch/scrubbed/sr320/github/oly-lc-WGS/output/01_align_and_visualize/alignments/HC18_Triton_Wild_7.sorted.bam -
2025-11-15 00:54:16,111 [INFO] Running command: samtools index -@ 32 /mmfs1/gscratch/scrubbed/sr320/github/oly-lc-WGS/output/01_align_and_visualize/alignments/HC18_Triton_Wild_7.sorted.bam
2025-11-15 00:54:22,717 [INFO] Running command: samtools coverage -q 20 /mmfs1/gscratch/scrubbed/sr320/github/oly-lc-WGS/output/01_align_and_visualize/alignments/HC18_Triton_Wild_7.sorted.bam
2025-11-15 00:56:10,245 [INFO] Processing sample HC18_Triton_Wild_8 (HC18_Triton_Wild).
2025-11-15 00:56:10,245 [INFO] Running command: bash -lc set -euo pipefail
bwa mem -t 32 /mmfs1/gscratch/scrubbed/sr320/github/oly-lc-WGS/output/01_align_and_visualize/reference/Olurida_v081.fa /mmfs1/gscratch/scrubbed/sr320/github/oly-lc-WGS/data/raw/HC18_Triton_Wild_8_S65_L004_R1_001.fastq.gz /mmfs1/gscratch/scrubbed/sr320/github/oly-lc-WGS/data/raw/HC18_Triton_Wild_8_S65_L004_R2_001.fastq.gz | samtools sort -@ 32 -m 32M -o /mmfs1/gscratch/scrubbed/sr320/github/oly-lc-WGS/output/01_align_and_visualize/alignments/HC18_Triton_Wild_8.sorted.bam -
2025-11-15 01:20:02,805 [INFO] Running command: samtools index -@ 32 /mmfs1/gscratch/scrubbed/sr320/github/oly-lc-WGS/output/01_align_and_visualize/alignments/HC18_Triton_Wild_8.sorted.bam
2025-11-15 01:20:09,613 [INFO] Running command: samtools coverage -q 20 /mmfs1/gscratch/scrubbed/sr320/github/oly-lc-WGS/output/01_align_and_visualize/alignments/HC18_Triton_Wild_8.sorted.bam
2025-11-15 01:22:12,807 [INFO] Processing sample HC18_Triton_Wild_9 (HC18_Triton_Wild).
2025-11-15 01:22:12,807 [INFO] Running command: bash -lc set -euo pipefail
bwa mem -t 32 /mmfs1/gscratch/scrubbed/sr320/github/oly-lc-WGS/output/01_align_and_visualize/reference/Olurida_v081.fa /mmfs1/gscratch/scrubbed/sr320/github/oly-lc-WGS/data/raw/HC18_Triton_Wild_9_S66_L004_R1_001.fastq.gz /mmfs1/gscratch/scrubbed/sr320/github/oly-lc-WGS/data/raw/HC18_Triton_Wild_9_S66_L004_R2_001.fastq.gz | samtools sort -@ 32 -m 32M -o /mmfs1/gscratch/scrubbed/sr320/github/oly-lc-WGS/output/01_align_and_visualize/alignments/HC18_Triton_Wild_9.sorted.bam -
2025-11-15 01:42:27,868 [INFO] Running command: samtools index -@ 32 /mmfs1/gscratch/scrubbed/sr320/github/oly-lc-WGS/output/01_align_and_visualize/alignments/HC18_Triton_Wild_9.sorted.bam
2025-11-15 01:42:34,533 [INFO] Running command: samtools coverage -q 20 /mmfs1/gscratch/scrubbed/sr320/github/oly-lc-WGS/output/01_align_and_visualize/alignments/HC18_Triton_Wild_9.sorted.bam
2025-11-15 01:44:23,446 [INFO] Processing sample LS_10a (LS).
2025-11-15 01:44:23,447 [INFO] Running command: bash -lc set -euo pipefail
bwa mem -t 32 /mmfs1/gscratch/scrubbed/sr320/github/oly-lc-WGS/output/01_align_and_visualize/reference/Olurida_v081.fa /mmfs1/gscratch/scrubbed/sr320/github/oly-lc-WGS/data/raw/LS_10a_S87_L004_R1_001.fastq.gz /mmfs1/gscratch/scrubbed/sr320/github/oly-lc-WGS/data/raw/LS_10a_S87_L004_R2_001.fastq.gz | samtools sort -@ 32 -m 32M -o /mmfs1/gscratch/scrubbed/sr320/github/oly-lc-WGS/output/01_align_and_visualize/alignments/LS_10a.sorted.bam -
2025-11-15 02:09:20,664 [INFO] Running command: samtools index -@ 32 /mmfs1/gscratch/scrubbed/sr320/github/oly-lc-WGS/output/01_align_and_visualize/alignments/LS_10a.sorted.bam
2025-11-15 02:09:28,499 [INFO] Running command: samtools coverage -q 20 /mmfs1/gscratch/scrubbed/sr320/github/oly-lc-WGS/output/01_align_and_visualize/alignments/LS_10a.sorted.bam
2025-11-15 02:11:28,539 [INFO] Processing sample LS_11a (LS).
2025-11-15 02:11:28,539 [INFO] Running command: bash -lc set -euo pipefail
bwa mem -t 32 /mmfs1/gscratch/scrubbed/sr320/github/oly-lc-WGS/output/01_align_and_visualize/reference/Olurida_v081.fa /mmfs1/gscratch/scrubbed/sr320/github/oly-lc-WGS/data/raw/LS_11a_S88_L004_R1_001.fastq.gz /mmfs1/gscratch/scrubbed/sr320/github/oly-lc-WGS/data/raw/LS_11a_S88_L004_R2_001.fastq.gz | samtools sort -@ 32 -m 32M -o /mmfs1/gscratch/scrubbed/sr320/github/oly-lc-WGS/output/01_align_and_visualize/alignments/LS_11a.sorted.bam -
2025-11-15 02:39:57,164 [INFO] Running command: samtools index -@ 32 /mmfs1/gscratch/scrubbed/sr320/github/oly-lc-WGS/output/01_align_and_visualize/alignments/LS_11a.sorted.bam
2025-11-15 02:40:04,892 [INFO] Running command: samtools coverage -q 20 /mmfs1/gscratch/scrubbed/sr320/github/oly-lc-WGS/output/01_align_and_visualize/alignments/LS_11a.sorted.bam
2025-11-15 02:42:20,403 [INFO] Processing sample LS_12a (LS).
2025-11-15 02:42:20,403 [INFO] Running command: bash -lc set -euo pipefail
bwa mem -t 32 /mmfs1/gscratch/scrubbed/sr320/github/oly-lc-WGS/output/01_align_and_visualize/reference/Olurida_v081.fa /mmfs1/gscratch/scrubbed/sr320/github/oly-lc-WGS/data/raw/LS_12a_S89_L004_R1_001.fastq.gz /mmfs1/gscratch/scrubbed/sr320/github/oly-lc-WGS/data/raw/LS_12a_S89_L004_R2_001.fastq.gz | samtools sort -@ 32 -m 32M -o /mmfs1/gscratch/scrubbed/sr320/github/oly-lc-WGS/output/01_align_and_visualize/alignments/LS_12a.sorted.bam -
2025-11-15 03:11:10,550 [INFO] Running command: samtools index -@ 32 /mmfs1/gscratch/scrubbed/sr320/github/oly-lc-WGS/output/01_align_and_visualize/alignments/LS_12a.sorted.bam
2025-11-15 03:11:18,805 [INFO] Running command: samtools coverage -q 20 /mmfs1/gscratch/scrubbed/sr320/github/oly-lc-WGS/output/01_align_and_visualize/alignments/LS_12a.sorted.bam
2025-11-15 03:13:38,512 [INFO] Processing sample LS_13a (LS).
2025-11-15 03:13:38,512 [INFO] Running command: bash -lc set -euo pipefail
bwa mem -t 32 /mmfs1/gscratch/scrubbed/sr320/github/oly-lc-WGS/output/01_align_and_visualize/reference/Olurida_v081.fa /mmfs1/gscratch/scrubbed/sr320/github/oly-lc-WGS/data/raw/LS_13a_S90_L004_R1_001.fastq.gz /mmfs1/gscratch/scrubbed/sr320/github/oly-lc-WGS/data/raw/LS_13a_S90_L004_R2_001.fastq.gz | samtools sort -@ 32 -m 32M -o /mmfs1/gscratch/scrubbed/sr320/github/oly-lc-WGS/output/01_align_and_visualize/alignments/LS_13a.sorted.bam -
2025-11-15 03:33:09,557 [INFO] Running command: samtools index -@ 32 /mmfs1/gscratch/scrubbed/sr320/github/oly-lc-WGS/output/01_align_and_visualize/alignments/LS_13a.sorted.bam
2025-11-15 03:33:14,555 [INFO] Running command: samtools coverage -q 20 /mmfs1/gscratch/scrubbed/sr320/github/oly-lc-WGS/output/01_align_and_visualize/alignments/LS_13a.sorted.bam
2025-11-15 03:34:51,028 [INFO] Processing sample LS_14a (LS).
2025-11-15 03:34:51,028 [INFO] Running command: bash -lc set -euo pipefail
bwa mem -t 32 /mmfs1/gscratch/scrubbed/sr320/github/oly-lc-WGS/output/01_align_and_visualize/reference/Olurida_v081.fa /mmfs1/gscratch/scrubbed/sr320/github/oly-lc-WGS/data/raw/LS_14a_S91_L004_R1_001.fastq.gz /mmfs1/gscratch/scrubbed/sr320/github/oly-lc-WGS/data/raw/LS_14a_S91_L004_R2_001.fastq.gz | samtools sort -@ 32 -m 32M -o /mmfs1/gscratch/scrubbed/sr320/github/oly-lc-WGS/output/01_align_and_visualize/alignments/LS_14a.sorted.bam -
2025-11-15 04:00:04,481 [INFO] Running command: samtools index -@ 32 /mmfs1/gscratch/scrubbed/sr320/github/oly-lc-WGS/output/01_align_and_visualize/alignments/LS_14a.sorted.bam
2025-11-15 04:00:11,388 [INFO] Running command: samtools coverage -q 20 /mmfs1/gscratch/scrubbed/sr320/github/oly-lc-WGS/output/01_align_and_visualize/alignments/LS_14a.sorted.bam
2025-11-15 04:02:20,134 [INFO] Processing sample LS_8a (LS).
2025-11-15 04:02:20,135 [INFO] Running command: bash -lc set -euo pipefail
bwa mem -t 32 /mmfs1/gscratch/scrubbed/sr320/github/oly-lc-WGS/output/01_align_and_visualize/reference/Olurida_v081.fa /mmfs1/gscratch/scrubbed/sr320/github/oly-lc-WGS/data/raw/LS_8a_S85_L004_R1_001.fastq.gz /mmfs1/gscratch/scrubbed/sr320/github/oly-lc-WGS/data/raw/LS_8a_S85_L004_R2_001.fastq.gz | samtools sort -@ 32 -m 32M -o /mmfs1/gscratch/scrubbed/sr320/github/oly-lc-WGS/output/01_align_and_visualize/alignments/LS_8a.sorted.bam -
2025-11-15 04:25:49,408 [INFO] Running command: samtools index -@ 32 /mmfs1/gscratch/scrubbed/sr320/github/oly-lc-WGS/output/01_align_and_visualize/alignments/LS_8a.sorted.bam
2025-11-15 04:25:56,044 [INFO] Running command: samtools coverage -q 20 /mmfs1/gscratch/scrubbed/sr320/github/oly-lc-WGS/output/01_align_and_visualize/alignments/LS_8a.sorted.bam
2025-11-15 04:27:52,547 [INFO] Processing sample LS_9a (LS).
2025-11-15 04:27:52,547 [INFO] Running command: bash -lc set -euo pipefail
bwa mem -t 32 /mmfs1/gscratch/scrubbed/sr320/github/oly-lc-WGS/output/01_align_and_visualize/reference/Olurida_v081.fa /mmfs1/gscratch/scrubbed/sr320/github/oly-lc-WGS/data/raw/LS_9a_S86_L004_R1_001.fastq.gz /mmfs1/gscratch/scrubbed/sr320/github/oly-lc-WGS/data/raw/LS_9a_S86_L004_R2_001.fastq.gz | samtools sort -@ 32 -m 32M -o /mmfs1/gscratch/scrubbed/sr320/github/oly-lc-WGS/output/01_align_and_visualize/alignments/LS_9a.sorted.bam -
2025-11-15 04:53:54,116 [INFO] Running command: samtools index -@ 32 /mmfs1/gscratch/scrubbed/sr320/github/oly-lc-WGS/output/01_align_and_visualize/alignments/LS_9a.sorted.bam
2025-11-15 04:54:00,047 [INFO] Running command: samtools coverage -q 20 /mmfs1/gscratch/scrubbed/sr320/github/oly-lc-WGS/output/01_align_and_visualize/alignments/LS_9a.sorted.bam
2025-11-15 04:56:00,473 [INFO] Processing sample MB_11a (MB).
2025-11-15 04:56:00,473 [INFO] Running command: bash -lc set -euo pipefail
bwa mem -t 32 /mmfs1/gscratch/scrubbed/sr320/github/oly-lc-WGS/output/01_align_and_visualize/reference/Olurida_v081.fa /mmfs1/gscratch/scrubbed/sr320/github/oly-lc-WGS/data/raw/MB_11a_S37_L004_R1_001.fastq.gz /mmfs1/gscratch/scrubbed/sr320/github/oly-lc-WGS/data/raw/MB_11a_S37_L004_R2_001.fastq.gz | samtools sort -@ 32 -m 32M -o /mmfs1/gscratch/scrubbed/sr320/github/oly-lc-WGS/output/01_align_and_visualize/alignments/MB_11a.sorted.bam -
2025-11-15 05:21:15,049 [INFO] Running command: samtools index -@ 32 /mmfs1/gscratch/scrubbed/sr320/github/oly-lc-WGS/output/01_align_and_visualize/alignments/MB_11a.sorted.bam
2025-11-15 05:21:21,767 [INFO] Running command: samtools coverage -q 20 /mmfs1/gscratch/scrubbed/sr320/github/oly-lc-WGS/output/01_align_and_visualize/alignments/MB_11a.sorted.bam
2025-11-15 05:23:21,882 [INFO] Processing sample MB_12a (MB).
2025-11-15 05:23:21,882 [INFO] Running command: bash -lc set -euo pipefail
bwa mem -t 32 /mmfs1/gscratch/scrubbed/sr320/github/oly-lc-WGS/output/01_align_and_visualize/reference/Olurida_v081.fa /mmfs1/gscratch/scrubbed/sr320/github/oly-lc-WGS/data/raw/MB_12a_S38_L004_R1_001.fastq.gz /mmfs1/gscratch/scrubbed/sr320/github/oly-lc-WGS/data/raw/MB_12a_S38_L004_R2_001.fastq.gz | samtools sort -@ 32 -m 32M -o /mmfs1/gscratch/scrubbed/sr320/github/oly-lc-WGS/output/01_align_and_visualize/alignments/MB_12a.sorted.bam -
2025-11-15 05:46:26,008 [INFO] Running command: samtools index -@ 32 /mmfs1/gscratch/scrubbed/sr320/github/oly-lc-WGS/output/01_align_and_visualize/alignments/MB_12a.sorted.bam
2025-11-15 05:46:32,292 [INFO] Running command: samtools coverage -q 20 /mmfs1/gscratch/scrubbed/sr320/github/oly-lc-WGS/output/01_align_and_visualize/alignments/MB_12a.sorted.bam
2025-11-15 05:48:31,032 [INFO] Processing sample MB_13a (MB).
2025-11-15 05:48:31,032 [INFO] Running command: bash -lc set -euo pipefail
bwa mem -t 32 /mmfs1/gscratch/scrubbed/sr320/github/oly-lc-WGS/output/01_align_and_visualize/reference/Olurida_v081.fa /mmfs1/gscratch/scrubbed/sr320/github/oly-lc-WGS/data/raw/MB_13a_S39_L004_R1_001.fastq.gz /mmfs1/gscratch/scrubbed/sr320/github/oly-lc-WGS/data/raw/MB_13a_S39_L004_R2_001.fastq.gz | samtools sort -@ 32 -m 32M -o /mmfs1/gscratch/scrubbed/sr320/github/oly-lc-WGS/output/01_align_and_visualize/alignments/MB_13a.sorted.bam -
2025-11-15 06:13:23,814 [INFO] Running command: samtools index -@ 32 /mmfs1/gscratch/scrubbed/sr320/github/oly-lc-WGS/output/01_align_and_visualize/alignments/MB_13a.sorted.bam
2025-11-15 06:13:30,840 [INFO] Running command: samtools coverage -q 20 /mmfs1/gscratch/scrubbed/sr320/github/oly-lc-WGS/output/01_align_and_visualize/alignments/MB_13a.sorted.bam
2025-11-15 06:15:37,091 [INFO] Processing sample MB_14a (MB).
2025-11-15 06:15:37,091 [INFO] Running command: bash -lc set -euo pipefail
bwa mem -t 32 /mmfs1/gscratch/scrubbed/sr320/github/oly-lc-WGS/output/01_align_and_visualize/reference/Olurida_v081.fa /mmfs1/gscratch/scrubbed/sr320/github/oly-lc-WGS/data/raw/MB_14a_S40_L004_R1_001.fastq.gz /mmfs1/gscratch/scrubbed/sr320/github/oly-lc-WGS/data/raw/MB_14a_S40_L004_R2_001.fastq.gz | samtools sort -@ 32 -m 32M -o /mmfs1/gscratch/scrubbed/sr320/github/oly-lc-WGS/output/01_align_and_visualize/alignments/MB_14a.sorted.bam -
2025-11-15 06:38:02,138 [INFO] Running command: samtools index -@ 32 /mmfs1/gscratch/scrubbed/sr320/github/oly-lc-WGS/output/01_align_and_visualize/alignments/MB_14a.sorted.bam
2025-11-15 06:38:08,643 [INFO] Running command: samtools coverage -q 20 /mmfs1/gscratch/scrubbed/sr320/github/oly-lc-WGS/output/01_align_and_visualize/alignments/MB_14a.sorted.bam
2025-11-15 06:39:51,656 [INFO] Processing sample MB_1a (MB).
2025-11-15 06:39:51,656 [INFO] Running command: bash -lc set -euo pipefail
bwa mem -t 32 /mmfs1/gscratch/scrubbed/sr320/github/oly-lc-WGS/output/01_align_and_visualize/reference/Olurida_v081.fa /mmfs1/gscratch/scrubbed/sr320/github/oly-lc-WGS/data/raw/MB_1a_S33_L004_R1_001.fastq.gz /mmfs1/gscratch/scrubbed/sr320/github/oly-lc-WGS/data/raw/MB_1a_S33_L004_R2_001.fastq.gz | samtools sort -@ 32 -m 32M -o /mmfs1/gscratch/scrubbed/sr320/github/oly-lc-WGS/output/01_align_and_visualize/alignments/MB_1a.sorted.bam -
2025-11-15 07:02:59,175 [INFO] Running command: samtools index -@ 32 /mmfs1/gscratch/scrubbed/sr320/github/oly-lc-WGS/output/01_align_and_visualize/alignments/MB_1a.sorted.bam
2025-11-15 07:03:05,467 [INFO] Running command: samtools coverage -q 20 /mmfs1/gscratch/scrubbed/sr320/github/oly-lc-WGS/output/01_align_and_visualize/alignments/MB_1a.sorted.bam
2025-11-15 07:04:53,123 [INFO] Processing sample MB_2a (MB).
2025-11-15 07:04:53,123 [INFO] Running command: bash -lc set -euo pipefail
bwa mem -t 32 /mmfs1/gscratch/scrubbed/sr320/github/oly-lc-WGS/output/01_align_and_visualize/reference/Olurida_v081.fa /mmfs1/gscratch/scrubbed/sr320/github/oly-lc-WGS/data/raw/MB_2a_S34_L004_R1_001.fastq.gz /mmfs1/gscratch/scrubbed/sr320/github/oly-lc-WGS/data/raw/MB_2a_S34_L004_R2_001.fastq.gz | samtools sort -@ 32 -m 32M -o /mmfs1/gscratch/scrubbed/sr320/github/oly-lc-WGS/output/01_align_and_visualize/alignments/MB_2a.sorted.bam -
2025-11-15 07:28:59,786 [INFO] Running command: samtools index -@ 32 /mmfs1/gscratch/scrubbed/sr320/github/oly-lc-WGS/output/01_align_and_visualize/alignments/MB_2a.sorted.bam
2025-11-15 07:29:07,430 [INFO] Running command: samtools coverage -q 20 /mmfs1/gscratch/scrubbed/sr320/github/oly-lc-WGS/output/01_align_and_visualize/alignments/MB_2a.sorted.bam
2025-11-15 07:31:07,636 [INFO] Processing sample MB_3a (MB).
2025-11-15 07:31:07,636 [INFO] Running command: bash -lc set -euo pipefail
bwa mem -t 32 /mmfs1/gscratch/scrubbed/sr320/github/oly-lc-WGS/output/01_align_and_visualize/reference/Olurida_v081.fa /mmfs1/gscratch/scrubbed/sr320/github/oly-lc-WGS/data/raw/MB_3a_S35_L004_R1_001.fastq.gz /mmfs1/gscratch/scrubbed/sr320/github/oly-lc-WGS/data/raw/MB_3a_S35_L004_R2_001.fastq.gz | samtools sort -@ 32 -m 32M -o /mmfs1/gscratch/scrubbed/sr320/github/oly-lc-WGS/output/01_align_and_visualize/alignments/MB_3a.sorted.bam -
2025-11-15 07:54:18,452 [INFO] Running command: samtools index -@ 32 /mmfs1/gscratch/scrubbed/sr320/github/oly-lc-WGS/output/01_align_and_visualize/alignments/MB_3a.sorted.bam
2025-11-15 07:54:25,106 [INFO] Running command: samtools coverage -q 20 /mmfs1/gscratch/scrubbed/sr320/github/oly-lc-WGS/output/01_align_and_visualize/alignments/MB_3a.sorted.bam
2025-11-15 07:56:17,788 [INFO] Processing sample MB_4a (MB).
2025-11-15 07:56:17,789 [INFO] Running command: bash -lc set -euo pipefail
bwa mem -t 32 /mmfs1/gscratch/scrubbed/sr320/github/oly-lc-WGS/output/01_align_and_visualize/reference/Olurida_v081.fa /mmfs1/gscratch/scrubbed/sr320/github/oly-lc-WGS/data/raw/MB_4a_S36_L004_R1_001.fastq.gz /mmfs1/gscratch/scrubbed/sr320/github/oly-lc-WGS/data/raw/MB_4a_S36_L004_R2_001.fastq.gz | samtools sort -@ 32 -m 32M -o /mmfs1/gscratch/scrubbed/sr320/github/oly-lc-WGS/output/01_align_and_visualize/alignments/MB_4a.sorted.bam -
2025-11-15 08:23:28,699 [INFO] Running command: samtools index -@ 32 /mmfs1/gscratch/scrubbed/sr320/github/oly-lc-WGS/output/01_align_and_visualize/alignments/MB_4a.sorted.bam
2025-11-15 08:23:37,101 [INFO] Running command: samtools coverage -q 20 /mmfs1/gscratch/scrubbed/sr320/github/oly-lc-WGS/output/01_align_and_visualize/alignments/MB_4a.sorted.bam
2025-11-15 08:25:45,793 [INFO] Processing sample NS18_Disco_Wild_10 (NS18_Disco_Wild).
2025-11-15 08:25:45,793 [INFO] Running command: bash -lc set -euo pipefail
bwa mem -t 32 /mmfs1/gscratch/scrubbed/sr320/github/oly-lc-WGS/output/01_align_and_visualize/reference/Olurida_v081.fa /mmfs1/gscratch/scrubbed/sr320/github/oly-lc-WGS/data/raw/NS18_Disco_Wild_10_S21_L004_R1_001.fastq.gz /mmfs1/gscratch/scrubbed/sr320/github/oly-lc-WGS/data/raw/NS18_Disco_Wild_10_S21_L004_R2_001.fastq.gz | samtools sort -@ 32 -m 32M -o /mmfs1/gscratch/scrubbed/sr320/github/oly-lc-WGS/output/01_align_and_visualize/alignments/NS18_Disco_Wild_10.sorted.bam -
2025-11-15 08:46:31,645 [INFO] Running command: samtools index -@ 32 /mmfs1/gscratch/scrubbed/sr320/github/oly-lc-WGS/output/01_align_and_visualize/alignments/NS18_Disco_Wild_10.sorted.bam
2025-11-15 08:46:37,673 [INFO] Running command: samtools coverage -q 20 /mmfs1/gscratch/scrubbed/sr320/github/oly-lc-WGS/output/01_align_and_visualize/alignments/NS18_Disco_Wild_10.sorted.bam
2025-11-15 08:48:27,381 [INFO] Processing sample NS18_Disco_Wild_11 (NS18_Disco_Wild).
2025-11-15 08:48:27,382 [INFO] Running command: bash -lc set -euo pipefail
bwa mem -t 32 /mmfs1/gscratch/scrubbed/sr320/github/oly-lc-WGS/output/01_align_and_visualize/reference/Olurida_v081.fa /mmfs1/gscratch/scrubbed/sr320/github/oly-lc-WGS/data/raw/NS18_Disco_Wild_11_S22_L004_R1_001.fastq.gz /mmfs1/gscratch/scrubbed/sr320/github/oly-lc-WGS/data/raw/NS18_Disco_Wild_11_S22_L004_R2_001.fastq.gz | samtools sort -@ 32 -m 32M -o /mmfs1/gscratch/scrubbed/sr320/github/oly-lc-WGS/output/01_align_and_visualize/alignments/NS18_Disco_Wild_11.sorted.bam -
2025-11-15 09:09:28,503 [INFO] Running command: samtools index -@ 32 /mmfs1/gscratch/scrubbed/sr320/github/oly-lc-WGS/output/01_align_and_visualize/alignments/NS18_Disco_Wild_11.sorted.bam
2025-11-15 09:09:34,006 [INFO] Running command: samtools coverage -q 20 /mmfs1/gscratch/scrubbed/sr320/github/oly-lc-WGS/output/01_align_and_visualize/alignments/NS18_Disco_Wild_11.sorted.bam
2025-11-15 09:11:21,010 [INFO] Processing sample NS18_Disco_Wild_12 (NS18_Disco_Wild).
2025-11-15 09:11:21,011 [INFO] Running command: bash -lc set -euo pipefail
bwa mem -t 32 /mmfs1/gscratch/scrubbed/sr320/github/oly-lc-WGS/output/01_align_and_visualize/reference/Olurida_v081.fa /mmfs1/gscratch/scrubbed/sr320/github/oly-lc-WGS/data/raw/NS18_Disco_Wild_12_S23_L004_R1_001.fastq.gz /mmfs1/gscratch/scrubbed/sr320/github/oly-lc-WGS/data/raw/NS18_Disco_Wild_12_S23_L004_R2_001.fastq.gz | samtools sort -@ 32 -m 32M -o /mmfs1/gscratch/scrubbed/sr320/github/oly-lc-WGS/output/01_align_and_visualize/alignments/NS18_Disco_Wild_12.sorted.bam -
2025-11-15 09:36:36,369 [INFO] Running command: samtools index -@ 32 /mmfs1/gscratch/scrubbed/sr320/github/oly-lc-WGS/output/01_align_and_visualize/alignments/NS18_Disco_Wild_12.sorted.bam
2025-11-15 09:36:44,382 [INFO] Running command: samtools coverage -q 20 /mmfs1/gscratch/scrubbed/sr320/github/oly-lc-WGS/output/01_align_and_visualize/alignments/NS18_Disco_Wild_12.sorted.bam
2025-11-15 09:38:54,354 [INFO] Processing sample NS18_Disco_Wild_13 (NS18_Disco_Wild).
2025-11-15 09:38:54,354 [INFO] Running command: bash -lc set -euo pipefail
bwa mem -t 32 /mmfs1/gscratch/scrubbed/sr320/github/oly-lc-WGS/output/01_align_and_visualize/reference/Olurida_v081.fa /mmfs1/gscratch/scrubbed/sr320/github/oly-lc-WGS/data/raw/NS18_Disco_Wild_13_S24_L004_R1_001.fastq.gz /mmfs1/gscratch/scrubbed/sr320/github/oly-lc-WGS/data/raw/NS18_Disco_Wild_13_S24_L004_R2_001.fastq.gz | samtools sort -@ 32 -m 32M -o /mmfs1/gscratch/scrubbed/sr320/github/oly-lc-WGS/output/01_align_and_visualize/alignments/NS18_Disco_Wild_13.sorted.bam -
2025-11-15 10:01:48,835 [INFO] Running command: samtools index -@ 32 /mmfs1/gscratch/scrubbed/sr320/github/oly-lc-WGS/output/01_align_and_visualize/alignments/NS18_Disco_Wild_13.sorted.bam
2025-11-15 10:01:55,325 [INFO] Running command: samtools coverage -q 20 /mmfs1/gscratch/scrubbed/sr320/github/oly-lc-WGS/output/01_align_and_visualize/alignments/NS18_Disco_Wild_13.sorted.bam
2025-11-15 10:03:51,833 [INFO] Processing sample NS18_Disco_Wild_14 (NS18_Disco_Wild).
2025-11-15 10:03:51,833 [INFO] Running command: bash -lc set -euo pipefail
bwa mem -t 32 /mmfs1/gscratch/scrubbed/sr320/github/oly-lc-WGS/output/01_align_and_visualize/reference/Olurida_v081.fa /mmfs1/gscratch/scrubbed/sr320/github/oly-lc-WGS/data/raw/NS18_Disco_Wild_14_S25_L004_R1_001.fastq.gz /mmfs1/gscratch/scrubbed/sr320/github/oly-lc-WGS/data/raw/NS18_Disco_Wild_14_S25_L004_R2_001.fastq.gz | samtools sort -@ 32 -m 32M -o /mmfs1/gscratch/scrubbed/sr320/github/oly-lc-WGS/output/01_align_and_visualize/alignments/NS18_Disco_Wild_14.sorted.bam -
2025-11-15 10:20:42,086 [INFO] Running command: samtools index -@ 32 /mmfs1/gscratch/scrubbed/sr320/github/oly-lc-WGS/output/01_align_and_visualize/alignments/NS18_Disco_Wild_14.sorted.bam
2025-11-15 10:20:47,012 [INFO] Running command: samtools coverage -q 20 /mmfs1/gscratch/scrubbed/sr320/github/oly-lc-WGS/output/01_align_and_visualize/alignments/NS18_Disco_Wild_14.sorted.bam
2025-11-15 10:22:15,836 [INFO] Processing sample NS18_Disco_Wild_15 (NS18_Disco_Wild).
2025-11-15 10:22:15,836 [INFO] Running command: bash -lc set -euo pipefail
bwa mem -t 32 /mmfs1/gscratch/scrubbed/sr320/github/oly-lc-WGS/output/01_align_and_visualize/reference/Olurida_v081.fa /mmfs1/gscratch/scrubbed/sr320/github/oly-lc-WGS/data/raw/NS18_Disco_Wild_15_S26_L004_R1_001.fastq.gz /mmfs1/gscratch/scrubbed/sr320/github/oly-lc-WGS/data/raw/NS18_Disco_Wild_15_S26_L004_R2_001.fastq.gz | samtools sort -@ 32 -m 32M -o /mmfs1/gscratch/scrubbed/sr320/github/oly-lc-WGS/output/01_align_and_visualize/alignments/NS18_Disco_Wild_15.sorted.bam -
2025-11-15 10:45:46,217 [INFO] Running command: samtools index -@ 32 /mmfs1/gscratch/scrubbed/sr320/github/oly-lc-WGS/output/01_align_and_visualize/alignments/NS18_Disco_Wild_15.sorted.bam
2025-11-15 10:45:56,941 [INFO] Running command: samtools coverage -q 20 /mmfs1/gscratch/scrubbed/sr320/github/oly-lc-WGS/output/01_align_and_visualize/alignments/NS18_Disco_Wild_15.sorted.bam
2025-11-15 10:47:57,197 [INFO] Processing sample NS18_Disco_Wild_8 (NS18_Disco_Wild).
2025-11-15 10:47:57,198 [INFO] Running command: bash -lc set -euo pipefail
bwa mem -t 32 /mmfs1/gscratch/scrubbed/sr320/github/oly-lc-WGS/output/01_align_and_visualize/reference/Olurida_v081.fa /mmfs1/gscratch/scrubbed/sr320/github/oly-lc-WGS/data/raw/NS18_Disco_Wild_8_S19_L004_R1_001.fastq.gz /mmfs1/gscratch/scrubbed/sr320/github/oly-lc-WGS/data/raw/NS18_Disco_Wild_8_S19_L004_R2_001.fastq.gz | samtools sort -@ 32 -m 32M -o /mmfs1/gscratch/scrubbed/sr320/github/oly-lc-WGS/output/01_align_and_visualize/alignments/NS18_Disco_Wild_8.sorted.bam -
2025-11-15 11:11:28,710 [INFO] Running command: samtools index -@ 32 /mmfs1/gscratch/scrubbed/sr320/github/oly-lc-WGS/output/01_align_and_visualize/alignments/NS18_Disco_Wild_8.sorted.bam
2025-11-15 11:11:35,588 [INFO] Running command: samtools coverage -q 20 /mmfs1/gscratch/scrubbed/sr320/github/oly-lc-WGS/output/01_align_and_visualize/alignments/NS18_Disco_Wild_8.sorted.bam
2025-11-15 11:13:36,052 [INFO] Processing sample NS18_Disco_Wild_9 (NS18_Disco_Wild).
2025-11-15 11:13:36,052 [INFO] Running command: bash -lc set -euo pipefail
bwa mem -t 32 /mmfs1/gscratch/scrubbed/sr320/github/oly-lc-WGS/output/01_align_and_visualize/reference/Olurida_v081.fa /mmfs1/gscratch/scrubbed/sr320/github/oly-lc-WGS/data/raw/NS18_Disco_Wild_9_S20_L004_R1_001.fastq.gz /mmfs1/gscratch/scrubbed/sr320/github/oly-lc-WGS/data/raw/NS18_Disco_Wild_9_S20_L004_R2_001.fastq.gz | samtools sort -@ 32 -m 32M -o /mmfs1/gscratch/scrubbed/sr320/github/oly-lc-WGS/output/01_align_and_visualize/alignments/NS18_Disco_Wild_9.sorted.bam -
2025-11-15 11:35:54,782 [INFO] Running command: samtools index -@ 32 /mmfs1/gscratch/scrubbed/sr320/github/oly-lc-WGS/output/01_align_and_visualize/alignments/NS18_Disco_Wild_9.sorted.bam
2025-11-15 11:36:01,456 [INFO] Running command: samtools coverage -q 20 /mmfs1/gscratch/scrubbed/sr320/github/oly-lc-WGS/output/01_align_and_visualize/alignments/NS18_Disco_Wild_9.sorted.bam
2025-11-15 11:37:57,078 [INFO] Processing sample NS18_Sequim_Wild_4 (NS18_Sequim_Wild).
2025-11-15 11:37:57,079 [INFO] Running command: bash -lc set -euo pipefail
bwa mem -t 32 /mmfs1/gscratch/scrubbed/sr320/github/oly-lc-WGS/output/01_align_and_visualize/reference/Olurida_v081.fa /mmfs1/gscratch/scrubbed/sr320/github/oly-lc-WGS/data/raw/NS18_Sequim_Wild_4_S11_L004_R1_001.fastq.gz /mmfs1/gscratch/scrubbed/sr320/github/oly-lc-WGS/data/raw/NS18_Sequim_Wild_4_S11_L004_R2_001.fastq.gz | samtools sort -@ 32 -m 32M -o /mmfs1/gscratch/scrubbed/sr320/github/oly-lc-WGS/output/01_align_and_visualize/alignments/NS18_Sequim_Wild_4.sorted.bam -
2025-11-15 11:58:15,263 [INFO] Running command: samtools index -@ 32 /mmfs1/gscratch/scrubbed/sr320/github/oly-lc-WGS/output/01_align_and_visualize/alignments/NS18_Sequim_Wild_4.sorted.bam
2025-11-15 11:58:21,008 [INFO] Running command: samtools coverage -q 20 /mmfs1/gscratch/scrubbed/sr320/github/oly-lc-WGS/output/01_align_and_visualize/alignments/NS18_Sequim_Wild_4.sorted.bam
2025-11-15 12:00:17,469 [INFO] Processing sample NS18_Sequim_Wild_5 (NS18_Sequim_Wild).
2025-11-15 12:00:17,469 [INFO] Running command: bash -lc set -euo pipefail
bwa mem -t 32 /mmfs1/gscratch/scrubbed/sr320/github/oly-lc-WGS/output/01_align_and_visualize/reference/Olurida_v081.fa /mmfs1/gscratch/scrubbed/sr320/github/oly-lc-WGS/data/raw/NS18_Sequim_Wild_5_S12_L004_R1_001.fastq.gz /mmfs1/gscratch/scrubbed/sr320/github/oly-lc-WGS/data/raw/NS18_Sequim_Wild_5_S12_L004_R2_001.fastq.gz | samtools sort -@ 32 -m 32M -o /mmfs1/gscratch/scrubbed/sr320/github/oly-lc-WGS/output/01_align_and_visualize/alignments/NS18_Sequim_Wild_5.sorted.bam -
2025-11-15 12:19:19,713 [INFO] Running command: samtools index -@ 32 /mmfs1/gscratch/scrubbed/sr320/github/oly-lc-WGS/output/01_align_and_visualize/alignments/NS18_Sequim_Wild_5.sorted.bam
2025-11-15 12:19:25,403 [INFO] Running command: samtools coverage -q 20 /mmfs1/gscratch/scrubbed/sr320/github/oly-lc-WGS/output/01_align_and_visualize/alignments/NS18_Sequim_Wild_5.sorted.bam
2025-11-15 12:21:08,558 [INFO] Processing sample NS18_Sequim_Wild_55 (NS18_Sequim_Wild).
2025-11-15 12:21:08,558 [INFO] Running command: bash -lc set -euo pipefail
bwa mem -t 32 /mmfs1/gscratch/scrubbed/sr320/github/oly-lc-WGS/output/01_align_and_visualize/reference/Olurida_v081.fa /mmfs1/gscratch/scrubbed/sr320/github/oly-lc-WGS/data/raw/NS18_Sequim_Wild_55_S15_L004_R1_001.fastq.gz /mmfs1/gscratch/scrubbed/sr320/github/oly-lc-WGS/data/raw/NS18_Sequim_Wild_55_S15_L004_R2_001.fastq.gz | samtools sort -@ 32 -m 32M -o /mmfs1/gscratch/scrubbed/sr320/github/oly-lc-WGS/output/01_align_and_visualize/alignments/NS18_Sequim_Wild_55.sorted.bam -
2025-11-15 12:43:27,062 [INFO] Running command: samtools index -@ 32 /mmfs1/gscratch/scrubbed/sr320/github/oly-lc-WGS/output/01_align_and_visualize/alignments/NS18_Sequim_Wild_55.sorted.bam
2025-11-15 12:43:32,518 [INFO] Running command: samtools coverage -q 20 /mmfs1/gscratch/scrubbed/sr320/github/oly-lc-WGS/output/01_align_and_visualize/alignments/NS18_Sequim_Wild_55.sorted.bam
2025-11-15 12:45:25,433 [INFO] Processing sample NS18_Sequim_Wild_56 (NS18_Sequim_Wild).
2025-11-15 12:45:25,433 [INFO] Running command: bash -lc set -euo pipefail
bwa mem -t 32 /mmfs1/gscratch/scrubbed/sr320/github/oly-lc-WGS/output/01_align_and_visualize/reference/Olurida_v081.fa /mmfs1/gscratch/scrubbed/sr320/github/oly-lc-WGS/data/raw/NS18_Sequim_Wild_56_S16_L004_R1_001.fastq.gz /mmfs1/gscratch/scrubbed/sr320/github/oly-lc-WGS/data/raw/NS18_Sequim_Wild_56_S16_L004_R2_001.fastq.gz | samtools sort -@ 32 -m 32M -o /mmfs1/gscratch/scrubbed/sr320/github/oly-lc-WGS/output/01_align_and_visualize/alignments/NS18_Sequim_Wild_56.sorted.bam -
2025-11-15 13:06:08,730 [INFO] Running command: samtools index -@ 32 /mmfs1/gscratch/scrubbed/sr320/github/oly-lc-WGS/output/01_align_and_visualize/alignments/NS18_Sequim_Wild_56.sorted.bam
2025-11-15 13:06:13,813 [INFO] Running command: samtools coverage -q 20 /mmfs1/gscratch/scrubbed/sr320/github/oly-lc-WGS/output/01_align_and_visualize/alignments/NS18_Sequim_Wild_56.sorted.bam
2025-11-15 13:07:58,218 [INFO] Processing sample NS18_Sequim_Wild_57 (NS18_Sequim_Wild).
2025-11-15 13:07:58,218 [INFO] Running command: bash -lc set -euo pipefail
bwa mem -t 32 /mmfs1/gscratch/scrubbed/sr320/github/oly-lc-WGS/output/01_align_and_visualize/reference/Olurida_v081.fa /mmfs1/gscratch/scrubbed/sr320/github/oly-lc-WGS/data/raw/NS18_Sequim_Wild_57_S17_L004_R1_001.fastq.gz /mmfs1/gscratch/scrubbed/sr320/github/oly-lc-WGS/data/raw/NS18_Sequim_Wild_57_S17_L004_R2_001.fastq.gz | samtools sort -@ 32 -m 32M -o /mmfs1/gscratch/scrubbed/sr320/github/oly-lc-WGS/output/01_align_and_visualize/alignments/NS18_Sequim_Wild_57.sorted.bam -
2025-11-15 13:32:27,694 [INFO] Running command: samtools index -@ 32 /mmfs1/gscratch/scrubbed/sr320/github/oly-lc-WGS/output/01_align_and_visualize/alignments/NS18_Sequim_Wild_57.sorted.bam
2025-11-15 13:32:34,730 [INFO] Running command: samtools coverage -q 20 /mmfs1/gscratch/scrubbed/sr320/github/oly-lc-WGS/output/01_align_and_visualize/alignments/NS18_Sequim_Wild_57.sorted.bam
2025-11-15 13:34:36,852 [INFO] Processing sample NS18_Sequim_Wild_58 (NS18_Sequim_Wild).
2025-11-15 13:34:36,853 [INFO] Running command: bash -lc set -euo pipefail
bwa mem -t 32 /mmfs1/gscratch/scrubbed/sr320/github/oly-lc-WGS/output/01_align_and_visualize/reference/Olurida_v081.fa /mmfs1/gscratch/scrubbed/sr320/github/oly-lc-WGS/data/raw/NS18_Sequim_Wild_58_S18_L004_R1_001.fastq.gz /mmfs1/gscratch/scrubbed/sr320/github/oly-lc-WGS/data/raw/NS18_Sequim_Wild_58_S18_L004_R2_001.fastq.gz | samtools sort -@ 32 -m 32M -o /mmfs1/gscratch/scrubbed/sr320/github/oly-lc-WGS/output/01_align_and_visualize/alignments/NS18_Sequim_Wild_58.sorted.bam -
2025-11-15 13:53:27,449 [INFO] Running command: samtools index -@ 32 /mmfs1/gscratch/scrubbed/sr320/github/oly-lc-WGS/output/01_align_and_visualize/alignments/NS18_Sequim_Wild_58.sorted.bam
2025-11-15 13:53:32,475 [INFO] Running command: samtools coverage -q 20 /mmfs1/gscratch/scrubbed/sr320/github/oly-lc-WGS/output/01_align_and_visualize/alignments/NS18_Sequim_Wild_58.sorted.bam
2025-11-15 13:55:10,809 [INFO] Processing sample NS18_Sequim_Wild_6 (NS18_Sequim_Wild).
2025-11-15 13:55:10,809 [INFO] Running command: bash -lc set -euo pipefail
bwa mem -t 32 /mmfs1/gscratch/scrubbed/sr320/github/oly-lc-WGS/output/01_align_and_visualize/reference/Olurida_v081.fa /mmfs1/gscratch/scrubbed/sr320/github/oly-lc-WGS/data/raw/NS18_Sequim_Wild_6_S13_L004_R1_001.fastq.gz /mmfs1/gscratch/scrubbed/sr320/github/oly-lc-WGS/data/raw/NS18_Sequim_Wild_6_S13_L004_R2_001.fastq.gz | samtools sort -@ 32 -m 32M -o /mmfs1/gscratch/scrubbed/sr320/github/oly-lc-WGS/output/01_align_and_visualize/alignments/NS18_Sequim_Wild_6.sorted.bam -
2025-11-15 14:18:48,647 [INFO] Running command: samtools index -@ 32 /mmfs1/gscratch/scrubbed/sr320/github/oly-lc-WGS/output/01_align_and_visualize/alignments/NS18_Sequim_Wild_6.sorted.bam
2025-11-15 14:18:54,698 [INFO] Running command: samtools coverage -q 20 /mmfs1/gscratch/scrubbed/sr320/github/oly-lc-WGS/output/01_align_and_visualize/alignments/NS18_Sequim_Wild_6.sorted.bam
2025-11-15 14:20:56,472 [INFO] Processing sample NS18_Sequim_Wild_7 (NS18_Sequim_Wild).
2025-11-15 14:20:56,473 [INFO] Running command: bash -lc set -euo pipefail
bwa mem -t 32 /mmfs1/gscratch/scrubbed/sr320/github/oly-lc-WGS/output/01_align_and_visualize/reference/Olurida_v081.fa /mmfs1/gscratch/scrubbed/sr320/github/oly-lc-WGS/data/raw/NS18_Sequim_Wild_7_S14_L004_R1_001.fastq.gz /mmfs1/gscratch/scrubbed/sr320/github/oly-lc-WGS/data/raw/NS18_Sequim_Wild_7_S14_L004_R2_001.fastq.gz | samtools sort -@ 32 -m 32M -o /mmfs1/gscratch/scrubbed/sr320/github/oly-lc-WGS/output/01_align_and_visualize/alignments/NS18_Sequim_Wild_7.sorted.bam -
2025-11-15 14:40:32,349 [INFO] Running command: samtools index -@ 32 /mmfs1/gscratch/scrubbed/sr320/github/oly-lc-WGS/output/01_align_and_visualize/alignments/NS18_Sequim_Wild_7.sorted.bam
2025-11-15 14:40:37,899 [INFO] Running command: samtools coverage -q 20 /mmfs1/gscratch/scrubbed/sr320/github/oly-lc-WGS/output/01_align_and_visualize/alignments/NS18_Sequim_Wild_7.sorted.bam
2025-11-15 14:42:24,040 [INFO] Processing sample Ostrich_Bay_10 (Ostrich_Bay).
2025-11-15 14:42:24,040 [INFO] Running command: bash -lc set -euo pipefail
bwa mem -t 32 /mmfs1/gscratch/scrubbed/sr320/github/oly-lc-WGS/output/01_align_and_visualize/reference/Olurida_v081.fa /mmfs1/gscratch/scrubbed/sr320/github/oly-lc-WGS/data/raw/Ostrich_Bay_10_S59_L004_R1_001.fastq.gz /mmfs1/gscratch/scrubbed/sr320/github/oly-lc-WGS/data/raw/Ostrich_Bay_10_S59_L004_R2_001.fastq.gz | samtools sort -@ 32 -m 32M -o /mmfs1/gscratch/scrubbed/sr320/github/oly-lc-WGS/output/01_align_and_visualize/alignments/Ostrich_Bay_10.sorted.bam -
